#
# There is insufficient memory for the Java Runtime Environment to continue.
# Native memory allocation (mmap) failed to map 65011712 bytes for committing reserved memory.
# Possible reasons:
#   The system is out of physical RAM or swap space
#   In 32 bit mode, the process size limit was hit
# Possible solutions:
#   Reduce memory load on the system
#   Increase physical memory or swap space
#   Check if swap backing store is full
#   Use 64 bit Java on a 64 bit OS
#   Decrease Java heap size (-Xmx/-Xms)
#   Decrease number of Java threads
#   Decrease Java thread stack sizes (-Xss)
#   Set larger code cache with -XX:ReservedCodeCacheSize=
# This output file may be truncated or incomplete.
#
#  Out of Memory Error (os_linux.cpp:2627), pid=27629, tid=139890244994816
#
# JRE version: Java(TM) SE Runtime Environment (8.0_72-b15) (build 1.8.0_72-b15)
# Java VM: Java HotSpot(TM) 64-Bit Server VM (25.72-b15 mixed mode linux-amd64 compressed oops)
# Failed to write core dump. Core dumps have been disabled. To enable core dumping, try "ulimit -c unlimited" before starting Java again
#

---------------  T H R E A D  ---------------

Current thread (0x00007f3aec080000):  VMThread [stack: 0x00007f3abc4c4000,0x00007f3abc5c5000] [id=27658]

Stack: [0x00007f3abc4c4000,0x00007f3abc5c5000],  sp=0x00007f3abc5c3060,  free space=1020k
Native frames: (J=compiled Java code, j=interpreted, Vv=VM code, C=native code)
V  [libjvm.so+0xaba7ea]  VMError::report_and_die()+0x2ba
V  [libjvm.so+0x4f9e3b]  report_vm_out_of_memory(char const*, int, unsigned long, VMErrorType, char const*)+0x8b
V  [libjvm.so+0x91b613]  os::Linux::commit_memory_impl(char*, unsigned long, bool)+0x103
V  [libjvm.so+0x91bb69]  os::pd_commit_memory(char*, unsigned long, unsigned long, bool)+0x29
V  [libjvm.so+0x915e6a]  os::commit_memory(char*, unsigned long, unsigned long, bool)+0x2a
V  [libjvm.so+0x989543]  PSVirtualSpace::expand_by(unsigned long)+0x53
V  [libjvm.so+0x98a948]  PSYoungGen::resize_generation(unsigned long, unsigned long)+0xf8
V  [libjvm.so+0x989aa2]  PSYoungGen::resize(unsigned long, unsigned long)+0x22
V  [libjvm.so+0x986d7b]  PSScavenge::invoke_no_policy()+0xf3b
V  [libjvm.so+0x987501]  PSScavenge::invoke()+0x41
V  [libjvm.so+0x93f300]  ParallelScavengeHeap::failed_mem_allocate(unsigned long)+0x70
V  [libjvm.so+0xabc207]  VM_ParallelGCFailedAllocation::doit()+0x97
V  [libjvm.so+0xac3c35]  VM_Operation::evaluate()+0x55
V  [libjvm.so+0xac200a]  VMThread::evaluate_operation(VM_Operation*)+0xba
V  [libjvm.so+0xac238e]  VMThread::loop()+0x1ce
V  [libjvm.so+0xac2800]  VMThread::run()+0x70
V  [libjvm.so+0x91d9d8]  java_start(Thread*)+0x108

VM_Operation (0x00007f3ab32c4ad0): ParallelGCFailedAllocation, mode: safepoint, requested by thread 0x00007f3aec151800


---------------  P R O C E S S  ---------------

Java Threads: ( => current thread )
  0x00007f3aec15a800 JavaThread "pool-2-thread-4" [_thread_blocked, id=27726, stack(0x00007f3ab2dc2000,0x00007f3ab2ec3000)]
  0x00007f3aec159000 JavaThread "pool-2-thread-3" [_thread_blocked, id=27725, stack(0x00007f3ab2ec3000,0x00007f3ab2fc4000)]
  0x00007f3aec158000 JavaThread "pool-2-thread-2" [_thread_blocked, id=27724, stack(0x00007f3ab2fc4000,0x00007f3ab30c5000)]
  0x00007f3aec153800 JavaThread "pool-3-thread-1" [_thread_blocked, id=27721, stack(0x00007f3ab30c5000,0x00007f3ab31c6000)]
  0x00007f3aec151800 JavaThread "pool-2-thread-1" [_thread_blocked, id=27719, stack(0x00007f3ab31c6000,0x00007f3ab32c7000)]
  0x00007f3aec0cb800 JavaThread "Service Thread" daemon [_thread_blocked, id=27684, stack(0x00007f3ab33c8000,0x00007f3ab34c9000)]
  0x00007f3aec0c8800 JavaThread "C1 CompilerThread3" daemon [_thread_blocked, id=27683, stack(0x00007f3ab34c9000,0x00007f3ab35ca000)]
  0x00007f3aec0c6800 JavaThread "C2 CompilerThread2" daemon [_thread_blocked, id=27682, stack(0x00007f3ab35ca000,0x00007f3ab36cb000)]
  0x00007f3aec0c5000 JavaThread "C2 CompilerThread1" daemon [_thread_blocked, id=27679, stack(0x00007f3ab36cb000,0x00007f3ab37cc000)]
  0x00007f3aec0c2000 JavaThread "C2 CompilerThread0" daemon [_thread_blocked, id=27678, stack(0x00007f3abc0c0000,0x00007f3abc1c1000)]
  0x00007f3aec0c0800 JavaThread "Signal Dispatcher" daemon [_thread_blocked, id=27673, stack(0x00007f3abc1c1000,0x00007f3abc2c2000)]
  0x00007f3aec08c800 JavaThread "Finalizer" daemon [_thread_blocked, id=27663, stack(0x00007f3abc2c2000,0x00007f3abc3c3000)]
  0x00007f3aec088000 JavaThread "Reference Handler" daemon [_thread_blocked, id=27660, stack(0x00007f3abc3c3000,0x00007f3abc4c4000)]
  0x00007f3aec00a000 JavaThread "main" [_thread_blocked, id=27638, stack(0x00007f3af3c1d000,0x00007f3af3d1e000)]

Other Threads:
=>0x00007f3aec080000 VMThread [stack: 0x00007f3abc4c4000,0x00007f3abc5c5000] [id=27658]
  0x00007f3aec0ce800 WatcherThread [stack: 0x00007f3ab32c7000,0x00007f3ab33c8000] [id=27685]

VM state:at safepoint (normal execution)

VM Mutex/Monitor currently owned by a thread:  ([mutex/lock_event])
[0x00007f3aec006530] Threads_lock - owner thread: 0x00007f3aec080000
[0x00007f3aec006a30] Heap_lock - owner thread: 0x00007f3aec151800

Heap:
 PSYoungGen      total 68608K, used 5108K [0x00000000eab00000, 0x00000000ef300000, 0x0000000100000000)
  eden space 63488K, 0% used [0x00000000eab00000,0x00000000eab00000,0x00000000ee900000)
  from space 5120K, 99% used [0x00000000ee900000,0x00000000eedfd108,0x00000000eee00000)
  to   space 5120K, 0% used [0x00000000eee00000,0x00000000eee00000,0x00000000ef300000)
 ParOldGen       total 84992K, used 12349K [0x00000000c0000000, 0x00000000c5300000, 0x00000000eab00000)
  object space 84992K, 14% used [0x00000000c0000000,0x00000000c0c0f600,0x00000000c5300000)
 Metaspace       used 6030K, capacity 6960K, committed 7040K, reserved 1056768K
  class space    used 594K, capacity 616K, committed 640K, reserved 1048576K

Card table byte_map: [0x00007f3af07de000,0x00007f3af09df000] byte_map_base: 0x00007f3af01de000

Marking Bits: (ParMarkBitMap*) 0x00007f3af30f4100
 Begin Bits: [0x00007f3abe000000, 0x00007f3abf000000)
 End Bits:   [0x00007f3abf000000, 0x00007f3ac0000000)

Polling page: 0x00007f3af3d3b000

CodeCache: size=245760Kb used=4648Kb max_used=4648Kb free=241111Kb
 bounds [0x00007f3add000000, 0x00007f3add490000, 0x00007f3aec000000]
 total_blobs=1555 nmethods=1287 adapters=182
 compilation: enabled

Compilation events (10 events):
Event: 4,724 Thread 0x00007f3aec0c8800 nmethod 1470% 0x00007f3add472810 code [0x00007f3add472be0, 0x00007f3add474b68]
Event: 4,730 Thread 0x00007f3aec0c8800 1471       2       com.android.dx.ssa.back.SsaToRop::removePhiFunctions (83 bytes)
Event: 4,732 Thread 0x00007f3aec0c8800 nmethod 1471 0x00007f3add471910 code [0x00007f3add471b20, 0x00007f3add4721a8]
Event: 4,732 Thread 0x00007f3aec0c8800 1474       2       com.android.dx.ssa.DomFront::calcDomFronts (154 bytes)
Event: 4,733 Thread 0x00007f3aec0c8800 nmethod 1474 0x00007f3add4782d0 code [0x00007f3add4784e0, 0x00007f3add478b28]
Event: 4,733 Thread 0x00007f3aec0c8800 1475       2       com.android.dx.cf.code.Ropper::addExceptionSetupBlocks (203 bytes)
Event: 4,737 Thread 0x00007f3aec0c8800 nmethod 1475 0x00007f3add48b650 code [0x00007f3add48b940, 0x00007f3add48c668]
Event: 4,737 Thread 0x00007f3aec0c8800 1468       2       com.android.dx.util.FixedSizeList::shrinkToFit (103 bytes)
Event: 4,743 Thread 0x00007f3aec0c8800 nmethod 1468 0x00007f3add48db90 code [0x00007f3add48dd20, 0x00007f3add48e1a8]
Event: 4,757 Thread 0x00007f3aec0c8800 1508 %     3       com.android.dx.ssa.SsaConverter::placePhiFunctions @ 103 (394 bytes)

GC Heap History (5 events):
Event: 1,930 GC heap before
{Heap before GC invocations=1 (full 0):
 PSYoungGen      total 36864K, used 31744K [0x00000000eab00000, 0x00000000ed400000, 0x0000000100000000)
  eden space 31744K, 100% used [0x00000000eab00000,0x00000000eca00000,0x00000000eca00000)
  from space 5120K, 0% used [0x00000000ecf00000,0x00000000ecf00000,0x00000000ed400000)
  to   space 5120K, 0% used [0x00000000eca00000,0x00000000eca00000,0x00000000ecf00000)
 ParOldGen       total 84992K, used 0K [0x00000000c0000000, 0x00000000c5300000, 0x00000000eab00000)
  object space 84992K, 0% used [0x00000000c0000000,0x00000000c0000000,0x00000000c5300000)
 Metaspace       used 5755K, capacity 6704K, committed 6784K, reserved 1056768K
  class space    used 590K, capacity 616K, committed 640K, reserved 1048576K
Event: 1,956 GC heap after
Heap after GC invocations=1 (full 0):
 PSYoungGen      total 36864K, used 5014K [0x00000000eab00000, 0x00000000ef300000, 0x0000000100000000)
  eden space 31744K, 0% used [0x00000000eab00000,0x00000000eab00000,0x00000000eca00000)
  from space 5120K, 97% used [0x00000000eca00000,0x00000000ecee59b0,0x00000000ecf00000)
  to   space 5120K, 0% used [0x00000000eee00000,0x00000000eee00000,0x00000000ef300000)
 ParOldGen       total 84992K, used 8K [0x00000000c0000000, 0x00000000c5300000, 0x00000000eab00000)
  object space 84992K, 0% used [0x00000000c0000000,0x00000000c0002000,0x00000000c5300000)
 Metaspace       used 5755K, capacity 6704K, committed 6784K, reserved 1056768K
  class space    used 590K, capacity 616K, committed 640K, reserved 1048576K
}
Event: 2,908 GC heap before
{Heap before GC invocations=2 (full 0):
 PSYoungGen      total 36864K, used 36758K [0x00000000eab00000, 0x00000000ef300000, 0x0000000100000000)
  eden space 31744K, 100% used [0x00000000eab00000,0x00000000eca00000,0x00000000eca00000)
  from space 5120K, 97% used [0x00000000eca00000,0x00000000ecee59b0,0x00000000ecf00000)
  to   space 5120K, 0% used [0x00000000eee00000,0x00000000eee00000,0x00000000ef300000)
 ParOldGen       total 84992K, used 8K [0x00000000c0000000, 0x00000000c5300000, 0x00000000eab00000)
  object space 84992K, 0% used [0x00000000c0000000,0x00000000c0002000,0x00000000c5300000)
 Metaspace       used 5984K, capacity 6960K, committed 7040K, reserved 1056768K
  class space    used 592K, capacity 616K, committed 640K, reserved 1048576K
Event: 2,974 GC heap after
Heap after GC invocations=2 (full 0):
 PSYoungGen      total 68608K, used 5089K [0x00000000eab00000, 0x00000000ef300000, 0x0000000100000000)
  eden space 63488K, 0% used [0x00000000eab00000,0x00000000eab00000,0x00000000ee900000)
  from space 5120K, 99% used [0x00000000eee00000,0x00000000ef2f85c0,0x00000000ef300000)
  to   space 5120K, 0% used [0x00000000ee900000,0x00000000ee900000,0x00000000eee00000)
 ParOldGen       total 84992K, used 3200K [0x00000000c0000000, 0x00000000c5300000, 0x00000000eab00000)
  object space 84992K, 3% used [0x00000000c0000000,0x00000000c0320198,0x00000000c5300000)
 Metaspace       used 5984K, capacity 6960K, committed 7040K, reserved 1056768K
  class space    used 592K, capacity 616K, committed 640K, reserved 1048576K
}
Event: 4,867 GC heap before
{Heap before GC invocations=3 (full 0):
 PSYoungGen      total 68608K, used 68577K [0x00000000eab00000, 0x00000000ef300000, 0x0000000100000000)
  eden space 63488K, 100% used [0x00000000eab00000,0x00000000ee900000,0x00000000ee900000)
  from space 5120K, 99% used [0x00000000eee00000,0x00000000ef2f85c0,0x00000000ef300000)
  to   space 5120K, 0% used [0x00000000ee900000,0x00000000ee900000,0x00000000eee00000)
 ParOldGen       total 84992K, used 3200K [0x00000000c0000000, 0x00000000c5300000, 0x00000000eab00000)
  object space 84992K, 3% used [0x00000000c0000000,0x00000000c0320198,0x00000000c5300000)
 Metaspace       used 6030K, capacity 6960K, committed 7040K, reserved 1056768K
  class space    used 594K, capacity 616K, committed 640K, reserved 1048576K

Deoptimization events (10 events):
Event: 3,420 Thread 0x00007f3aec00a000 Uncommon trap: reason=unstable_if action=reinterpret pc=0x00007f3add2630c0 method=com.android.dx.rop.code.RegisterSpec.equals(ILcom/android/dx/rop/type/TypeBearer;Lcom/android/dx/rop/code/LocalItem;)Z @ 42
Event: 3,638 Thread 0x00007f3aec158000 Uncommon trap: reason=bimorphic action=maybe_recompile pc=0x00007f3add3248ec method=java.util.HashMap.getNode(ILjava/lang/Object;)Ljava/util/HashMap$Node; @ 126
Event: 3,638 Thread 0x00007f3aec158000 Uncommon trap: reason=class_check action=maybe_recompile pc=0x00007f3add39436c method=java.util.HashMap.putVal(ILjava/lang/Object;Ljava/lang/Object;ZZ)Ljava/lang/Object; @ 203
Event: 3,638 Thread 0x00007f3aec158000 Uncommon trap: reason=bimorphic action=maybe_recompile pc=0x00007f3add3248ec method=java.util.HashMap.getNode(ILjava/lang/Object;)Ljava/util/HashMap$Node; @ 126
Event: 3,638 Thread 0x00007f3aec158000 Uncommon trap: reason=class_check action=maybe_recompile pc=0x00007f3add39436c method=java.util.HashMap.putVal(ILjava/lang/Object;Ljava/lang/Object;ZZ)Ljava/lang/Object; @ 203
Event: 3,638 Thread 0x00007f3aec158000 Uncommon trap: reason=bimorphic action=maybe_recompile pc=0x00007f3add3248ec method=java.util.HashMap.getNode(ILjava/lang/Object;)Ljava/util/HashMap$Node; @ 126
Event: 3,638 Thread 0x00007f3aec158000 Uncommon trap: reason=bimorphic action=maybe_recompile pc=0x00007f3add3248ec method=java.util.HashMap.getNode(ILjava/lang/Object;)Ljava/util/HashMap$Node; @ 126
Event: 3,639 Thread 0x00007f3aec158000 Uncommon trap: reason=class_check action=maybe_recompile pc=0x00007f3add39436c method=java.util.HashMap.putVal(ILjava/lang/Object;Ljava/lang/Object;ZZ)Ljava/lang/Object; @ 203
Event: 3,639 Thread 0x00007f3aec158000 Uncommon trap: reason=bimorphic action=maybe_recompile pc=0x00007f3add254e34 method=java.util.HashMap.getNode(ILjava/lang/Object;)Ljava/util/HashMap$Node; @ 126
Event: 3,782 Thread 0x00007f3aec159000 Uncommon trap: reason=unstable_if action=reinterpret pc=0x00007f3add2a23bc method=com.android.dx.ssa.SsaMethod.updateOneDefinition(Lcom/android/dx/ssa/SsaInsn;Lcom/android/dx/rop/code/RegisterSpec;)V @ 4

Internal exceptions (3 events):
Event: 0,514 Thread 0x00007f3aec00a000 Exception <a 'java/lang/NoSuchMethodError': Method sun.misc.Unsafe.defineClass(Ljava/lang/String;[BII)Ljava/lang/Class; name or signature does not match> (0x00000000eab07cc0) thrown at [/HUDSON/workspace/8-2-build-linux-amd64/jdk8u72/5732/hotspot/src/shar
Event: 0,514 Thread 0x00007f3aec00a000 Exception <a 'java/lang/NoSuchMethodError': Method sun.misc.Unsafe.prefetchRead(Ljava/lang/Object;J)V name or signature does not match> (0x00000000eab07fa8) thrown at [/HUDSON/workspace/8-2-build-linux-amd64/jdk8u72/5732/hotspot/src/share/vm/prims/jni.cpp
Event: 2,003 Thread 0x00007f3aec15a800 Implicit null exception at 0x00007f3add25ea22 to 0x00007f3add25eb25

Events (10 events):
Event: 4,398 Thread 0x00007f3aec158000 DEOPT UNPACKING pc=0x00007f3add047633 sp=0x00007f3ab30c2c48 mode 0
Event: 4,506 Thread 0x00007f3aec15a800 DEOPT PACKING pc=0x00007f3add3d07a8 sp=0x00007f3ab2ec1040
Event: 4,506 Thread 0x00007f3aec15a800 DEOPT UNPACKING pc=0x00007f3add047633 sp=0x00007f3ab2ec0da8 mode 0
Event: 4,508 Thread 0x00007f3aec15a800 DEOPT PACKING pc=0x00007f3add3c318a sp=0x00007f3ab2ec0d90
Event: 4,508 Thread 0x00007f3aec15a800 DEOPT UNPACKING pc=0x00007f3add047633 sp=0x00007f3ab2ec0b48 mode 0
Event: 4,630 Thread 0x00007f3aec151800 DEOPT PACKING pc=0x00007f3add3b6e72 sp=0x00007f3ab32c4c30
Event: 4,630 Thread 0x00007f3aec151800 DEOPT UNPACKING pc=0x00007f3add047633 sp=0x00007f3ab32c49b8 mode 0
Event: 4,687 Thread 0x00007f3aec00a000 DEOPT PACKING pc=0x00007f3add3e3bec sp=0x00007f3af3d1b850
Event: 4,687 Thread 0x00007f3aec00a000 DEOPT UNPACKING pc=0x00007f3add047633 sp=0x00007f3af3d1b550 mode 0
Event: 4,765 Executing VM operation: ParallelGCFailedAllocation


Dynamic libraries:
00400000-00401000 r-xp 00000000 08:01 10636895                           /usr/lib/jvm/java-8-oracle/bin/java
00600000-00601000 rw-p 00000000 08:01 10636895                           /usr/lib/jvm/java-8-oracle/bin/java
01f74000-01f95000 rw-p 00000000 00:00 0                                  [heap]
c0000000-c5300000 rw-p 00000000 00:00 0 
c5300000-eab00000 ---p 00000000 00:00 0 
eab00000-ef300000 rw-p 00000000 00:00 0 
f3100000-100000000 ---p 00000000 00:00 0 
100000000-1000a0000 rw-p 00000000 00:00 0 
1000a0000-140000000 ---p 00000000 00:00 0 
7f3a78000000-7f3a78021000 rw-p 00000000 00:00 0 
7f3a78021000-7f3a7c000000 ---p 00000000 00:00 0 
7f3a7c000000-7f3a7c021000 rw-p 00000000 00:00 0 
7f3a7c021000-7f3a80000000 ---p 00000000 00:00 0 
7f3a80000000-7f3a80021000 rw-p 00000000 00:00 0 
7f3a80021000-7f3a84000000 ---p 00000000 00:00 0 
7f3a84000000-7f3a84024000 rw-p 00000000 00:00 0 
7f3a84024000-7f3a88000000 ---p 00000000 00:00 0 
7f3a88000000-7f3a88021000 rw-p 00000000 00:00 0 
7f3a88021000-7f3a8c000000 ---p 00000000 00:00 0 
7f3a8c000000-7f3a8c03c000 rw-p 00000000 00:00 0 
7f3a8c03c000-7f3a90000000 ---p 00000000 00:00 0 
7f3a90000000-7f3a90721000 rw-p 00000000 00:00 0 
7f3a90721000-7f3a94000000 ---p 00000000 00:00 0 
7f3a94000000-7f3a94021000 rw-p 00000000 00:00 0 
7f3a94021000-7f3a98000000 ---p 00000000 00:00 0 
7f3a98000000-7f3a982b0000 rw-p 00000000 00:00 0 
7f3a982b0000-7f3a9c000000 ---p 00000000 00:00 0 
7f3a9c000000-7f3a9c65d000 rw-p 00000000 00:00 0 
7f3a9c65d000-7f3aa0000000 ---p 00000000 00:00 0 
7f3aa0000000-7f3aa0981000 rw-p 00000000 00:00 0 
7f3aa0981000-7f3aa4000000 ---p 00000000 00:00 0 
7f3aa4000000-7f3aa4021000 rw-p 00000000 00:00 0 
7f3aa4021000-7f3aa8000000 ---p 00000000 00:00 0 
7f3aa8000000-7f3aa8021000 rw-p 00000000 00:00 0 
7f3aa8021000-7f3aac000000 ---p 00000000 00:00 0 
7f3aac000000-7f3aac021000 rw-p 00000000 00:00 0 
7f3aac021000-7f3ab0000000 ---p 00000000 00:00 0 
7f3ab2dc2000-7f3ab2dc5000 ---p 00000000 00:00 0 
7f3ab2dc5000-7f3ab2ec3000 rw-p 00000000 00:00 0                          [stack:27726]
7f3ab2ec3000-7f3ab2ec6000 ---p 00000000 00:00 0 
7f3ab2ec6000-7f3ab2fc4000 rw-p 00000000 00:00 0                          [stack:27725]
7f3ab2fc4000-7f3ab2fc7000 ---p 00000000 00:00 0 
7f3ab2fc7000-7f3ab30c5000 rw-p 00000000 00:00 0                          [stack:27724]
7f3ab30c5000-7f3ab30c8000 ---p 00000000 00:00 0 
7f3ab30c8000-7f3ab31c6000 rw-p 00000000 00:00 0                          [stack:27721]
7f3ab31c6000-7f3ab31c9000 ---p 00000000 00:00 0 
7f3ab31c9000-7f3ab32c7000 rw-p 00000000 00:00 0                          [stack:27719]
7f3ab32c7000-7f3ab32c8000 ---p 00000000 00:00 0 
7f3ab32c8000-7f3ab33c8000 rw-p 00000000 00:00 0                          [stack:27685]
7f3ab33c8000-7f3ab33cb000 ---p 00000000 00:00 0 
7f3ab33cb000-7f3ab34c9000 rw-p 00000000 00:00 0                          [stack:27684]
7f3ab34c9000-7f3ab34cc000 ---p 00000000 00:00 0 
7f3ab34cc000-7f3ab35ca000 rw-p 00000000 00:00 0                          [stack:27683]
7f3ab35ca000-7f3ab35cd000 ---p 00000000 00:00 0 
7f3ab35cd000-7f3ab36cb000 rw-p 00000000 00:00 0                          [stack:27682]
7f3ab36cb000-7f3ab36ce000 ---p 00000000 00:00 0 
7f3ab36ce000-7f3ab37cc000 rw-p 00000000 00:00 0                          [stack:27679]
7f3ab37cc000-7f3ab4000000 r--p 00000000 08:01 9968458                    /usr/lib/locale/locale-archive
7f3ab4000000-7f3ab4294000 rw-p 00000000 00:00 0 
7f3ab4294000-7f3ab8000000 ---p 00000000 00:00 0 
7f3ab8000000-7f3ab8021000 rw-p 00000000 00:00 0 
7f3ab8021000-7f3abc000000 ---p 00000000 00:00 0 
7f3abc0aa000-7f3abc0c0000 r--s 000f1000 08:01 12233300                   /opt/projects/ParallaxSample/app/build/intermediates/exploded-aar/com.android.support/support-v4/23.4.0/jars/classes.jar
7f3abc0c0000-7f3abc0c3000 ---p 00000000 00:00 0 
7f3abc0c3000-7f3abc1c1000 rw-p 00000000 00:00 0                          [stack:27678]
7f3abc1c1000-7f3abc1c4000 ---p 00000000 00:00 0 
7f3abc1c4000-7f3abc2c2000 rw-p 00000000 00:00 0                          [stack:27673]
7f3abc2c2000-7f3abc2c5000 ---p 00000000 00:00 0 
7f3abc2c5000-7f3abc3c3000 rw-p 00000000 00:00 0                          [stack:27663]
7f3abc3c3000-7f3abc3c6000 ---p 00000000 00:00 0 
7f3abc3c6000-7f3abc4c4000 rw-p 00000000 00:00 0                          [stack:27660]
7f3abc4c4000-7f3abc4c5000 ---p 00000000 00:00 0 
7f3abc4c5000-7f3ac0000000 rw-p 00000000 00:00 0                          [stack:27658]
7f3ac0000000-7f3ac0021000 rw-p 00000000 00:00 0 
7f3ac0021000-7f3ac4000000 ---p 00000000 00:00 0 
7f3ac4000000-7f3ac4021000 rw-p 00000000 00:00 0 
7f3ac4021000-7f3ac8000000 ---p 00000000 00:00 0 
7f3ac8000000-7f3ac8021000 rw-p 00000000 00:00 0 
7f3ac8021000-7f3acc000000 ---p 00000000 00:00 0 
7f3acc000000-7f3acc021000 rw-p 00000000 00:00 0 
7f3acc021000-7f3ad0000000 ---p 00000000 00:00 0 
7f3ad0000000-7f3ad0021000 rw-p 00000000 00:00 0 
7f3ad0021000-7f3ad4000000 ---p 00000000 00:00 0 
7f3ad4000000-7f3ad4021000 rw-p 00000000 00:00 0 
7f3ad4021000-7f3ad8000000 ---p 00000000 00:00 0 
7f3ad8000000-7f3ad8021000 rw-p 00000000 00:00 0 
7f3ad8021000-7f3adc000000 ---p 00000000 00:00 0 
7f3adc010000-7f3adc226000 rw-p 00000000 00:00 0 
7f3adc226000-7f3adc3fe000 r--s 03d1d000 08:01 10635506                   /usr/lib/jvm/java-8-oracle/jre/lib/rt.jar
7f3adc3fe000-7f3adca3e000 rw-p 00000000 00:00 0 
7f3adca3e000-7f3adcbfe000 ---p 00000000 00:00 0 
7f3adcbfe000-7f3adcdfe000 rw-p 00000000 00:00 0 
7f3adcdfe000-7f3adcdff000 ---p 00000000 00:00 0 
7f3adcdff000-7f3adceff000 rw-p 00000000 00:00 0                          [stack:27650]
7f3adceff000-7f3adcf00000 ---p 00000000 00:00 0 
7f3adcf00000-7f3add000000 rw-p 00000000 00:00 0                          [stack:27649]
7f3add000000-7f3add490000 rwxp 00000000 00:00 0 
7f3add490000-7f3aec000000 ---p 00000000 00:00 0 
7f3aec000000-7f3aec3a3000 rw-p 00000000 00:00 0 
7f3aec3a3000-7f3af0000000 ---p 00000000 00:00 0 
7f3af000c000-7f3af0082000 rw-p 00000000 00:00 0 
7f3af0082000-7f3af0083000 ---p 00000000 00:00 0 
7f3af0083000-7f3af0183000 rw-p 00000000 00:00 0                          [stack:27648]
7f3af0183000-7f3af0184000 ---p 00000000 00:00 0 
7f3af0184000-7f3af0284000 rw-p 00000000 00:00 0                          [stack:27647]
7f3af0284000-7f3af0285000 ---p 00000000 00:00 0 
7f3af0285000-7f3af0385000 rw-p 00000000 00:00 0                          [stack:27646]
7f3af0385000-7f3af0386000 ---p 00000000 00:00 0 
7f3af0386000-7f3af0486000 rw-p 00000000 00:00 0                          [stack:27645]
7f3af0486000-7f3af0487000 ---p 00000000 00:00 0 
7f3af0487000-7f3af0587000 rw-p 00000000 00:00 0                          [stack:27644]
7f3af0587000-7f3af0588000 ---p 00000000 00:00 0 
7f3af0588000-7f3af06b2000 rw-p 00000000 00:00 0                          [stack:27641]
7f3af06b2000-7f3af07de000 ---p 00000000 00:00 0 
7f3af07de000-7f3af0808000 rw-p 00000000 00:00 0 
7f3af0808000-7f3af0933000 ---p 00000000 00:00 0 
7f3af0933000-7f3af0958000 rw-p 00000000 00:00 0 
7f3af0958000-7f3af09de000 ---p 00000000 00:00 0 
7f3af09de000-7f3af09f2000 rw-p 00000000 00:00 0 
7f3af09f2000-7f3af0d9f000 ---p 00000000 00:00 0 
7f3af0d9f000-7f3af0db9000 r-xp 00000000 08:01 10635390                   /usr/lib/jvm/java-8-oracle/jre/lib/amd64/libzip.so
7f3af0db9000-7f3af0fb9000 ---p 0001a000 08:01 10635390                   /usr/lib/jvm/java-8-oracle/jre/lib/amd64/libzip.so
7f3af0fb9000-7f3af0fba000 rw-p 0001a000 08:01 10635390                   /usr/lib/jvm/java-8-oracle/jre/lib/amd64/libzip.so
7f3af0fba000-7f3af0fc5000 r-xp 00000000 08:01 6946835                    /lib/x86_64-linux-gnu/libnss_files-2.19.so
7f3af0fc5000-7f3af11c4000 ---p 0000b000 08:01 6946835                    /lib/x86_64-linux-gnu/libnss_files-2.19.so
7f3af11c4000-7f3af11c5000 r--p 0000a000 08:01 6946835                    /lib/x86_64-linux-gnu/libnss_files-2.19.so
7f3af11c5000-7f3af11c6000 rw-p 0000b000 08:01 6946835                    /lib/x86_64-linux-gnu/libnss_files-2.19.so
7f3af11c6000-7f3af11d1000 r-xp 00000000 08:01 6950774                    /lib/x86_64-linux-gnu/libnss_nis-2.19.so
7f3af11d1000-7f3af13d0000 ---p 0000b000 08:01 6950774                    /lib/x86_64-linux-gnu/libnss_nis-2.19.so
7f3af13d0000-7f3af13d1000 r--p 0000a000 08:01 6950774                    /lib/x86_64-linux-gnu/libnss_nis-2.19.so
7f3af13d1000-7f3af13d2000 rw-p 0000b000 08:01 6950774                    /lib/x86_64-linux-gnu/libnss_nis-2.19.so
7f3af13d2000-7f3af13e9000 r-xp 00000000 08:01 6946910                    /lib/x86_64-linux-gnu/libnsl-2.19.so
7f3af13e9000-7f3af15e8000 ---p 00017000 08:01 6946910                    /lib/x86_64-linux-gnu/libnsl-2.19.so
7f3af15e8000-7f3af15e9000 r--p 00016000 08:01 6946910                    /lib/x86_64-linux-gnu/libnsl-2.19.so
7f3af15e9000-7f3af15ea000 rw-p 00017000 08:01 6946910                    /lib/x86_64-linux-gnu/libnsl-2.19.so
7f3af15ea000-7f3af15ec000 rw-p 00000000 00:00 0 
7f3af15ec000-7f3af15f5000 r-xp 00000000 08:01 6946909                    /lib/x86_64-linux-gnu/libnss_compat-2.19.so
7f3af15f5000-7f3af17f4000 ---p 00009000 08:01 6946909                    /lib/x86_64-linux-gnu/libnss_compat-2.19.so
7f3af17f4000-7f3af17f5000 r--p 00008000 08:01 6946909                    /lib/x86_64-linux-gnu/libnss_compat-2.19.so
7f3af17f5000-7f3af17f6000 rw-p 00009000 08:01 6946909                    /lib/x86_64-linux-gnu/libnss_compat-2.19.so
7f3af17f6000-7f3af1820000 r-xp 00000000 08:01 10635436                   /usr/lib/jvm/java-8-oracle/jre/lib/amd64/libjava.so
7f3af1820000-7f3af1a20000 ---p 0002a000 08:01 10635436                   /usr/lib/jvm/java-8-oracle/jre/lib/amd64/libjava.so
7f3af1a20000-7f3af1a22000 rw-p 0002a000 08:01 10635436                   /usr/lib/jvm/java-8-oracle/jre/lib/amd64/libjava.so
7f3af1a22000-7f3af1a2f000 r-xp 00000000 08:01 10635396                   /usr/lib/jvm/java-8-oracle/jre/lib/amd64/libverify.so
7f3af1a2f000-7f3af1c2f000 ---p 0000d000 08:01 10635396                   /usr/lib/jvm/java-8-oracle/jre/lib/amd64/libverify.so
7f3af1c2f000-7f3af1c31000 rw-p 0000d000 08:01 10635396                   /usr/lib/jvm/java-8-oracle/jre/lib/amd64/libverify.so
7f3af1c31000-7f3af1c38000 r-xp 00000000 08:01 6946918                    /lib/x86_64-linux-gnu/librt-2.19.so
7f3af1c38000-7f3af1e37000 ---p 00007000 08:01 6946918                    /lib/x86_64-linux-gnu/librt-2.19.so
7f3af1e37000-7f3af1e38000 r--p 00006000 08:01 6946918                    /lib/x86_64-linux-gnu/librt-2.19.so
7f3af1e38000-7f3af1e39000 rw-p 00007000 08:01 6946918                    /lib/x86_64-linux-gnu/librt-2.19.so
7f3af1e39000-7f3af1f3e000 r-xp 00000000 08:01 6946831                    /lib/x86_64-linux-gnu/libm-2.19.so
7f3af1f3e000-7f3af213d000 ---p 00105000 08:01 6946831                    /lib/x86_64-linux-gnu/libm-2.19.so
7f3af213d000-7f3af213e000 r--p 00104000 08:01 6946831                    /lib/x86_64-linux-gnu/libm-2.19.so
7f3af213e000-7f3af213f000 rw-p 00105000 08:01 6946831                    /lib/x86_64-linux-gnu/libm-2.19.so
7f3af213f000-7f3af2dfe000 r-xp 00000000 08:01 10635412                   /usr/lib/jvm/java-8-oracle/jre/lib/amd64/server/libjvm.so
7f3af2dfe000-7f3af2ffd000 ---p 00cbf000 08:01 10635412                   /usr/lib/jvm/java-8-oracle/jre/lib/amd64/server/libjvm.so
7f3af2ffd000-7f3af30d6000 rw-p 00cbe000 08:01 10635412                   /usr/lib/jvm/java-8-oracle/jre/lib/amd64/server/libjvm.so
7f3af30d6000-7f3af311f000 rw-p 00000000 00:00 0 
7f3af311f000-7f3af32da000 r-xp 00000000 08:01 6946915                    /lib/x86_64-linux-gnu/libc-2.19.so
7f3af32da000-7f3af34d9000 ---p 001bb000 08:01 6946915                    /lib/x86_64-linux-gnu/libc-2.19.so
7f3af34d9000-7f3af34dd000 r--p 001ba000 08:01 6946915                    /lib/x86_64-linux-gnu/libc-2.19.so
7f3af34dd000-7f3af34df000 rw-p 001be000 08:01 6946915                    /lib/x86_64-linux-gnu/libc-2.19.so
7f3af34df000-7f3af34e4000 rw-p 00000000 00:00 0 
7f3af34e4000-7f3af34e7000 r-xp 00000000 08:01 6946846                    /lib/x86_64-linux-gnu/libdl-2.19.so
7f3af34e7000-7f3af36e6000 ---p 00003000 08:01 6946846                    /lib/x86_64-linux-gnu/libdl-2.19.so
7f3af36e6000-7f3af36e7000 r--p 00002000 08:01 6946846                    /lib/x86_64-linux-gnu/libdl-2.19.so
7f3af36e7000-7f3af36e8000 rw-p 00003000 08:01 6946846                    /lib/x86_64-linux-gnu/libdl-2.19.so
7f3af36e8000-7f3af36fd000 r-xp 00000000 08:01 10636346                   /usr/lib/jvm/java-8-oracle/lib/amd64/jli/libjli.so
7f3af36fd000-7f3af38fd000 ---p 00015000 08:01 10636346                   /usr/lib/jvm/java-8-oracle/lib/amd64/jli/libjli.so
7f3af38fd000-7f3af38fe000 rw-p 00015000 08:01 10636346                   /usr/lib/jvm/java-8-oracle/lib/amd64/jli/libjli.so
7f3af38fe000-7f3af3917000 r-xp 00000000 08:01 6946916                    /lib/x86_64-linux-gnu/libpthread-2.19.so
7f3af3917000-7f3af3b16000 ---p 00019000 08:01 6946916                    /lib/x86_64-linux-gnu/libpthread-2.19.so
7f3af3b16000-7f3af3b17000 r--p 00018000 08:01 6946916                    /lib/x86_64-linux-gnu/libpthread-2.19.so
7f3af3b17000-7f3af3b18000 rw-p 00019000 08:01 6946916                    /lib/x86_64-linux-gnu/libpthread-2.19.so
7f3af3b18000-7f3af3b1c000 rw-p 00000000 00:00 0 
7f3af3b1c000-7f3af3b3f000 r-xp 00000000 08:01 6946912                    /lib/x86_64-linux-gnu/ld-2.19.so
7f3af3b44000-7f3af3c1d000 rw-p 00000000 00:00 0 
7f3af3c1d000-7f3af3c20000 ---p 00000000 00:00 0 
7f3af3c20000-7f3af3d23000 rw-p 00000000 00:00 0                          [stack:27638]
7f3af3d23000-7f3af3d32000 r--s 000df000 08:01 13509459                   /home/mustafaguven/Android/Sdk/build-tools/23.0.3/lib/dx.jar
7f3af3d32000-7f3af3d3a000 rw-s 00000000 08:01 8525179                    /tmp/hsperfdata_mustafaguven/27629
7f3af3d3a000-7f3af3d3b000 rw-p 00000000 00:00 0 
7f3af3d3b000-7f3af3d3c000 ---p 00000000 00:00 0 
7f3af3d3c000-7f3af3d3e000 rw-p 00000000 00:00 0 
7f3af3d3e000-7f3af3d3f000 r--p 00022000 08:01 6946912                    /lib/x86_64-linux-gnu/ld-2.19.so
7f3af3d3f000-7f3af3d40000 rw-p 00023000 08:01 6946912                    /lib/x86_64-linux-gnu/ld-2.19.so
7f3af3d40000-7f3af3d41000 rw-p 00000000 00:00 0 
7ffd2b025000-7ffd2b046000 rw-p 00000000 00:00 0                          [stack]
7ffd2b0b9000-7ffd2b0bb000 r-xp 00000000 00:00 0                          [vdso]
7ffd2b0bb000-7ffd2b0bd000 r--p 00000000 00:00 0                          [vvar]
ffffffffff600000-ffffffffff601000 r-xp 00000000 00:00 0                  [vsyscall]

VM Arguments:
jvm_args: -Djava.awt.headless=true -Xmx1024M -Dfile.encoding=UTF-8 -Duser.country=US -Duser.language=en -Duser.variant 
java_command: com.android.dx.command.Main --dex --force-jumbo --num-threads=4 --multi-dex --output /opt/projects/ParallaxSample/app/build/intermediates/transforms/dex/debug/folders/1000/10/com.android.support-support-v4-23.4.0_fb74d794aadc22ac596cd2b265988a00655a60a0 /opt/projects/ParallaxSample/app/build/intermediates/exploded-aar/com.android.support/support-v4/23.4.0/jars/classes.jar
java_class_path (initial): /home/mustafaguven/Android/Sdk/build-tools/23.0.3/lib/dx.jar
Launcher Type: SUN_STANDARD

Environment Variables:
JAVA_HOME=/usr/lib/jvm/java-8-oracle
PATH=/usr/local/sbin:/usr/local/bin:/usr/sbin:/usr/bin:/sbin:/bin:/usr/games:/usr/local/games
LD_LIBRARY_PATH=/opt/android-studio/bin:
SHELL=/bin/bash
DISPLAY=:0.0

Signal Handlers:
SIGSEGV: [libjvm.so+0xabb070], sa_mask[0]=11111111011111111101111111111110, sa_flags=SA_RESTART|SA_SIGINFO
SIGBUS: [libjvm.so+0xabb070], sa_mask[0]=11111111011111111101111111111110, sa_flags=SA_RESTART|SA_SIGINFO
SIGFPE: [libjvm.so+0x918480], sa_mask[0]=11111111011111111101111111111110, sa_flags=SA_RESTART|SA_SIGINFO
SIGPIPE: [libjvm.so+0x918480], sa_mask[0]=11111111011111111101111111111110, sa_flags=SA_RESTART|SA_SIGINFO
SIGXFSZ: [libjvm.so+0x918480], sa_mask[0]=11111111011111111101111111111110, sa_flags=SA_RESTART|SA_SIGINFO
SIGILL: [libjvm.so+0x918480], sa_mask[0]=11111111011111111101111111111110, sa_flags=SA_RESTART|SA_SIGINFO
SIGUSR1: SIG_DFL, sa_mask[0]=00000000000000000000000000000000, sa_flags=none
SIGUSR2: [libjvm.so+0x919ab0], sa_mask[0]=00100000000000000000000000000000, sa_flags=SA_RESTART|SA_SIGINFO
SIGHUP: [libjvm.so+0x91aeb0], sa_mask[0]=11111111011111111101111111111110, sa_flags=SA_RESTART|SA_SIGINFO
SIGINT: [libjvm.so+0x91aeb0], sa_mask[0]=11111111011111111101111111111110, sa_flags=SA_RESTART|SA_SIGINFO
SIGTERM: [libjvm.so+0x91aeb0], sa_mask[0]=11111111011111111101111111111110, sa_flags=SA_RESTART|SA_SIGINFO
SIGQUIT: [libjvm.so+0x91aeb0], sa_mask[0]=11111111011111111101111111111110, sa_flags=SA_RESTART|SA_SIGINFO


---------------  S Y S T E M  ---------------

OS:DISTRIB_ID=Ubuntu
DISTRIB_RELEASE=14.04
DISTRIB_CODENAME=trusty
DISTRIB_DESCRIPTION="Ubuntu 14.04.3 LTS"

uname:Linux 3.16.0-60-generic #80~14.04.1-Ubuntu SMP Wed Jan 20 13:37:48 UTC 2016 x86_64
libc:glibc 2.19 NPTL 2.19 
rlimit: STACK 8192k, CORE 0k, NPROC 31357, NOFILE 4096, AS infinity
load average:14,25 3,92 2,32

/proc/meminfo:
MemTotal:        8048848 kB
MemFree:          138176 kB
MemAvailable:     114524 kB
Buffers:             732 kB
Cached:          2573712 kB
SwapCached:         5376 kB
Active:          6381660 kB
Inactive:        1191568 kB
Active(anon):    6376160 kB
Inactive(anon):  1138124 kB
Active(file):       5500 kB
Inactive(file):    53444 kB
Unevictable:         132 kB
Mlocked:             132 kB
SwapTotal:       8259580 kB
SwapFree:           4864 kB
Dirty:                 0 kB
Writeback:          2504 kB
AnonPages:       4997312 kB
Mapped:            54256 kB
Shmem:           2512712 kB
Slab:             116344 kB
SReclaimable:      62688 kB
SUnreclaim:        53656 kB
KernelStack:       18128 kB
PageTables:        77020 kB
NFS_Unstable:          0 kB
Bounce:                0 kB
WritebackTmp:          0 kB
CommitLimit:    12284004 kB
Committed_AS:   24615664 kB
VmallocTotal:   34359738367 kB
VmallocUsed:      575952 kB
VmallocChunk:   34359125756 kB
HardwareCorrupted:     0 kB
AnonHugePages:   2144256 kB
HugePages_Total:       0
HugePages_Free:        0
HugePages_Rsvd:        0
HugePages_Surp:        0
Hugepagesize:       2048 kB
DirectMap4k:       83708 kB
DirectMap2M:     8177664 kB


CPU:total 8 (4 cores per cpu, 2 threads per core) family 6 model 58 stepping 9, cmov, cx8, fxsr, mmx, sse, sse2, sse3, ssse3, sse4.1, sse4.2, popcnt, avx, aes, clmul, erms, ht, tsc, tscinvbit, tscinv

/proc/cpuinfo:
processor	: 0
vendor_id	: GenuineIntel
cpu family	: 6
model		: 58
model name	: Intel(R) Core(TM) i7-3612QM CPU @ 2.10GHz
stepping	: 9
microcode	: 0x15
cpu MHz		: 2800.054
cache size	: 6144 KB
physical id	: 0
siblings	: 8
core id		: 0
cpu cores	: 4
apicid		: 0
initial apicid	: 0
fpu		: yes
fpu_exception	: yes
cpuid level	: 13
wp		: yes
flags		: fpu vme de pse tsc msr pae mce cx8 apic sep mtrr pge mca cmov pat pse36 clflush dts acpi mmx fxsr sse sse2 ss ht tm pbe syscall nx rdtscp lm constant_tsc arch_perfmon pebs bts rep_good nopl xtopology nonstop_tsc aperfmperf eagerfpu pni pclmulqdq dtes64 monitor ds_cpl vmx est tm2 ssse3 cx16 xtpr pdcm pcid sse4_1 sse4_2 x2apic popcnt tsc_deadline_timer aes xsave avx f16c rdrand lahf_lm ida arat epb xsaveopt pln pts dtherm tpr_shadow vnmi flexpriority ept vpid fsgsbase smep erms
bogomips	: 4190.16
clflush size	: 64
cache_alignment	: 64
address sizes	: 36 bits physical, 48 bits virtual
power management:

processor	: 1
vendor_id	: GenuineIntel
cpu family	: 6
model		: 58
model name	: Intel(R) Core(TM) i7-3612QM CPU @ 2.10GHz
stepping	: 9
microcode	: 0x15
cpu MHz		: 2799.972
cache size	: 6144 KB
physical id	: 0
siblings	: 8
core id		: 0
cpu cores	: 4
apicid		: 1
initial apicid	: 1
fpu		: yes
fpu_exception	: yes
cpuid level	: 13
wp		: yes
flags		: fpu vme de pse tsc msr pae mce cx8 apic sep mtrr pge mca cmov pat pse36 clflush dts acpi mmx fxsr sse sse2 ss ht tm pbe syscall nx rdtscp lm constant_tsc arch_perfmon pebs bts rep_good nopl xtopology nonstop_tsc aperfmperf eagerfpu pni pclmulqdq dtes64 monitor ds_cpl vmx est tm2 ssse3 cx16 xtpr pdcm pcid sse4_1 sse4_2 x2apic popcnt tsc_deadline_timer aes xsave avx f16c rdrand lahf_lm ida arat epb xsaveopt pln pts dtherm tpr_shadow vnmi flexpriority ept vpid fsgsbase smep erms
bogomips	: 4190.16
clflush size	: 64
cache_alignment	: 64
address sizes	: 36 bits physical, 48 bits virtual
power management:

processor	: 2
vendor_id	: GenuineIntel
cpu family	: 6
model		: 58
model name	: Intel(R) Core(TM) i7-3612QM CPU @ 2.10GHz
stepping	: 9
microcode	: 0x15
cpu MHz		: 2800.054
cache size	: 6144 KB
physical id	: 0
siblings	: 8
core id		: 1
cpu cores	: 4
apicid		: 2
initial apicid	: 2
fpu		: yes
fpu_exception	: yes
cpuid level	: 13
wp		: yes
flags		: fpu vme de pse tsc msr pae mce cx8 apic sep mtrr pge mca cmov pat pse36 clflush dts acpi mmx fxsr sse sse2 ss ht tm pbe syscall nx rdtscp lm constant_tsc arch_perfmon pebs bts rep_good nopl xtopology nonstop_tsc aperfmperf eagerfpu pni pclmulqdq dtes64 monitor ds_cpl vmx est tm2 ssse3 cx16 xtpr pdcm pcid sse4_1 sse4_2 x2apic popcnt tsc_deadline_timer aes xsave avx f16c rdrand lahf_lm ida arat epb xsaveopt pln pts dtherm tpr_shadow vnmi flexpriority ept vpid fsgsbase smep erms
bogomips	: 4190.16
clflush size	: 64
cache_alignment	: 64
address sizes	: 36 bits physical, 48 bits virtual
power management:

processor	: 3
vendor_id	: GenuineIntel
cpu family	: 6
model		: 58
model name	: Intel(R) Core(TM) i7-3612QM CPU @ 2.10GHz
stepping	: 9
microcode	: 0x15
cpu MHz		: 2800.054
cache size	: 6144 KB
physical id	: 0
siblings	: 8
core id		: 1
cpu cores	: 4
apicid		: 3
initial apicid	: 3
fpu		: yes
fpu_exception	: yes
cpuid level	: 13
wp		: yes
flags		: fpu vme de pse tsc msr pae mce cx8 apic sep mtrr pge mca cmov pat pse36 clflush dts acpi mmx fxsr sse sse2 ss ht tm pbe syscall nx rdtscp lm constant_tsc arch_perfmon pebs bts rep_good nopl xtopology nonstop_tsc aperfmperf eagerfpu pni pclmulqdq dtes64 monitor ds_cpl vmx est tm2 ssse3 cx16 xtpr pdcm pcid sse4_1 sse4_2 x2apic popcnt tsc_deadline_timer aes xsave avx f16c rdrand lahf_lm ida arat epb xsaveopt pln pts dtherm tpr_shadow vnmi flexpriority ept vpid fsgsbase smep erms
bogomips	: 4190.16
clflush size	: 64
cache_alignment	: 64
address sizes	: 36 bits physical, 48 bits virtual
power management:

processor	: 4
vendor_id	: GenuineIntel
cpu family	: 6
model		: 58
model name	: Intel(R) Core(TM) i7-3612QM CPU @ 2.10GHz
stepping	: 9
microcode	: 0x15
cpu MHz		: 2799.972
cache size	: 6144 KB
physical id	: 0
siblings	: 8
core id		: 2
cpu cores	: 4
apicid		: 4
initial apicid	: 4
fpu		: yes
fpu_exception	: yes
cpuid level	: 13
wp		: yes
flags		: fpu vme de pse tsc msr pae mce cx8 apic sep mtrr pge mca cmov pat pse36 clflush dts acpi mmx fxsr sse sse2 ss ht tm pbe syscall nx rdtscp lm constant_tsc arch_perfmon pebs bts rep_good nopl xtopology nonstop_tsc aperfmperf eagerfpu pni pclmulqdq dtes64 monitor ds_cpl vmx est tm2 ssse3 cx16 xtpr pdcm pcid sse4_1 sse4_2 x2apic popcnt tsc_deadline_timer aes xsave avx f16c rdrand lahf_lm ida arat epb xsaveopt pln pts dtherm tpr_shadow vnmi flexpriority ept vpid fsgsbase smep erms
bogomips	: 4190.16
clflush size	: 64
cache_alignment	: 64
address sizes	: 36 bits physical, 48 bits virtual
power management:

processor	: 5
vendor_id	: GenuineIntel
cpu family	: 6
model		: 58
model name	: Intel(R) Core(TM) i7-3612QM CPU @ 2.10GHz
stepping	: 9
microcode	: 0x15
cpu MHz		: 2799.972
cache size	: 6144 KB
physical id	: 0
siblings	: 8
core id		: 2
cpu cores	: 4
apicid		: 5
initial apicid	: 5
fpu		: yes
fpu_exception	: yes
cpuid level	: 13
wp		: yes
flags		: fpu vme de pse tsc msr pae mce cx8 apic sep mtrr pge mca cmov pat pse36 clflush dts acpi mmx fxsr sse sse2 ss ht tm pbe syscall nx rdtscp lm constant_tsc arch_perfmon pebs bts rep_good nopl xtopology nonstop_tsc aperfmperf eagerfpu pni pclmulqdq dtes64 monitor ds_cpl vmx est tm2 ssse3 cx16 xtpr pdcm pcid sse4_1 sse4_2 x2apic popcnt tsc_deadline_timer aes xsave avx f16c rdrand lahf_lm ida arat epb xsaveopt pln pts dtherm tpr_shadow vnmi flexpriority ept vpid fsgsbase smep erms
bogomips	: 4190.16
clflush size	: 64
cache_alignment	: 64
address sizes	: 36 bits physical, 48 bits virtual
power management:

processor	: 6
vendor_id	: GenuineIntel
cpu family	: 6
model		: 58
model name	: Intel(R) Core(TM) i7-3612QM CPU @ 2.10GHz
stepping	: 9
microcode	: 0x15
cpu MHz		: 2799.972
cache size	: 6144 KB
physical id	: 0
siblings	: 8
core id		: 3
cpu cores	: 4
apicid		: 6
initial apicid	: 6
fpu		: yes
fpu_exception	: yes
cpuid level	: 13
wp		: yes
flags		: fpu vme de pse tsc msr pae mce cx8 apic sep mtrr pge mca cmov pat pse36 clflush dts acpi mmx fxsr sse sse2 ss ht tm pbe syscall nx rdtscp lm constant_tsc arch_perfmon pebs bts rep_good nopl xtopology nonstop_tsc aperfmperf eagerfpu pni pclmulqdq dtes64 monitor ds_cpl vmx est tm2 ssse3 cx16 xtpr pdcm pcid sse4_1 sse4_2 x2apic popcnt tsc_deadline_timer aes xsave avx f16c rdrand lahf_lm ida arat epb xsaveopt pln pts dtherm tpr_shadow vnmi flexpriority ept vpid fsgsbase smep erms
bogomips	: 4190.16
clflush size	: 64
cache_alignment	: 64
address sizes	: 36 bits physical, 48 bits virtual
power management:

processor	: 7
vendor_id	: GenuineIntel
cpu family	: 6
model		: 58
model name	: Intel(R) Core(TM) i7-3612QM CPU @ 2.10GHz
stepping	: 9
microcode	: 0x15
cpu MHz		: 2799.972
cache size	: 6144 KB
physical id	: 0
siblings	: 8
core id		: 3
cpu cores	: 4
apicid		: 7
initial apicid	: 7
fpu		: yes
fpu_exception	: yes
cpuid level	: 13
wp		: yes
flags		: fpu vme de pse tsc msr pae mce cx8 apic sep mtrr pge mca cmov pat pse36 clflush dts acpi mmx fxsr sse sse2 ss ht tm pbe syscall nx rdtscp lm constant_tsc arch_perfmon pebs bts rep_good nopl xtopology nonstop_tsc aperfmperf eagerfpu pni pclmulqdq dtes64 monitor ds_cpl vmx est tm2 ssse3 cx16 xtpr pdcm pcid sse4_1 sse4_2 x2apic popcnt tsc_deadline_timer aes xsave avx f16c rdrand lahf_lm ida arat epb xsaveopt pln pts dtherm tpr_shadow vnmi flexpriority ept vpid fsgsbase smep erms
bogomips	: 4190.16
clflush size	: 64
cache_alignment	: 64
address sizes	: 36 bits physical, 48 bits virtual
power management:



Memory: 4k page, physical 8048848k(137928k free), swap 8259580k(4880k free)

vm_info: Java HotSpot(TM) 64-Bit Server VM (25.72-b15) for linux-amd64 JRE (1.8.0_72-b15), built on Dec 22 2015 22:00:07 by "java_re" with gcc 4.3.0 20080428 (Red Hat 4.3.0-8)

time: Thu Jun 23 03:18:39 2016
elapsed time: 11 seconds (0d 0h 0m 11s)

