#
# There is insufficient memory for the Java Runtime Environment to continue.
# Native memory allocation (mmap) failed to map 87031808 bytes for committing reserved memory.
# Possible reasons:
#   The system is out of physical RAM or swap space
#   In 32 bit mode, the process size limit was hit
# Possible solutions:
#   Reduce memory load on the system
#   Increase physical memory or swap space
#   Check if swap backing store is full
#   Use 64 bit Java on a 64 bit OS
#   Decrease Java heap size (-Xmx/-Xms)
#   Decrease number of Java threads
#   Decrease Java thread stack sizes (-Xss)
#   Set larger code cache with -XX:ReservedCodeCacheSize=
# This output file may be truncated or incomplete.
#
#  Out of Memory Error (os_linux.cpp:2627), pid=27483, tid=139774533162752
#
# JRE version:  (8.0_72-b15) (build )
# Java VM: Java HotSpot(TM) 64-Bit Server VM (25.72-b15 mixed mode linux-amd64 compressed oops)
# Failed to write core dump. Core dumps have been disabled. To enable core dumping, try "ulimit -c unlimited" before starting Java again
#

---------------  T H R E A D  ---------------

Current thread (0x00007f1fc400a000):  JavaThread "Unknown thread" [_thread_in_vm, id=27496, stack(0x00007f1fcb55d000,0x00007f1fcb65e000)]

Stack: [0x00007f1fcb55d000,0x00007f1fcb65e000],  sp=0x00007f1fcb65c370,  free space=1020k
Native frames: (J=compiled Java code, j=interpreted, Vv=VM code, C=native code)
V  [libjvm.so+0xaba7ea]  VMError::report_and_die()+0x2ba
V  [libjvm.so+0x4f9e3b]  report_vm_out_of_memory(char const*, int, unsigned long, VMErrorType, char const*)+0x8b
V  [libjvm.so+0x91b613]  os::Linux::commit_memory_impl(char*, unsigned long, bool)+0x103
V  [libjvm.so+0x91bb69]  os::pd_commit_memory(char*, unsigned long, unsigned long, bool)+0x29
V  [libjvm.so+0x915e6a]  os::commit_memory(char*, unsigned long, unsigned long, bool)+0x2a
V  [libjvm.so+0x989543]  PSVirtualSpace::expand_by(unsigned long)+0x53
V  [libjvm.so+0x979687]  PSOldGen::initialize(ReservedSpace, unsigned long, char const*, int)+0xb7
V  [libjvm.so+0x2d827a]  AdjoiningGenerations::AdjoiningGenerations(ReservedSpace, GenerationSizer*, unsigned long)+0x39a
V  [libjvm.so+0x93e9c6]  ParallelScavengeHeap::initialize()+0x1d6
V  [libjvm.so+0xa8301b]  Universe::initialize_heap()+0xfb
V  [libjvm.so+0xa8338e]  universe_init()+0x3e
V  [libjvm.so+0x6392c5]  init_globals()+0x65
V  [libjvm.so+0xa6758e]  Threads::create_vm(JavaVMInitArgs*, bool*)+0x23e
V  [libjvm.so+0x6cd7e4]  JNI_CreateJavaVM+0x74
C  [libjli.so+0x745e]  JavaMain+0x9e
C  [libpthread.so.0+0x8182]  start_thread+0xc2


---------------  P R O C E S S  ---------------

Java Threads: ( => current thread )

Other Threads:

=>0x00007f1fc400a000 (exited) JavaThread "Unknown thread" [_thread_in_vm, id=27496, stack(0x00007f1fcb55d000,0x00007f1fcb65e000)]

VM state:not at safepoint (not fully initialized)

VM Mutex/Monitor currently owned by a thread: None

GC Heap History (0 events):
No events

Deoptimization events (0 events):
No events

Internal exceptions (0 events):
No events

Events (0 events):
No events


Dynamic libraries:
00400000-00401000 r-xp 00000000 08:01 10636895                           /usr/lib/jvm/java-8-oracle/bin/java
00600000-00601000 rw-p 00000000 08:01 10636895                           /usr/lib/jvm/java-8-oracle/bin/java
01b58000-01b79000 rw-p 00000000 00:00 0                                  [heap]
c5300000-eab00000 ---p 00000000 00:00 0 
eab00000-ed400000 rw-p 00000000 00:00 0 
ed400000-100000000 ---p 00000000 00:00 0 
7f1fb4e6a000-7f1fb5000000 rw-p 00000000 00:00 0 
7f1fb5000000-7f1fb5270000 rwxp 00000000 00:00 0 
7f1fb5270000-7f1fc4000000 ---p 00000000 00:00 0 
7f1fc4000000-7f1fc4032000 rw-p 00000000 00:00 0 
7f1fc4032000-7f1fc8000000 ---p 00000000 00:00 0 
7f1fc802f000-7f1fc811e000 rw-p 00000000 00:00 0 
7f1fc811e000-7f1fc8273000 ---p 00000000 00:00 0 
7f1fc8273000-7f1fc8288000 rw-p 00000000 00:00 0 
7f1fc8288000-7f1fc831e000 ---p 00000000 00:00 0 
7f1fc831e000-7f1fc8329000 rw-p 00000000 00:00 0 
7f1fc8329000-7f1fc86df000 ---p 00000000 00:00 0 
7f1fc86df000-7f1fc86f9000 r-xp 00000000 08:01 10635390                   /usr/lib/jvm/java-8-oracle/jre/lib/amd64/libzip.so
7f1fc86f9000-7f1fc88f9000 ---p 0001a000 08:01 10635390                   /usr/lib/jvm/java-8-oracle/jre/lib/amd64/libzip.so
7f1fc88f9000-7f1fc88fa000 rw-p 0001a000 08:01 10635390                   /usr/lib/jvm/java-8-oracle/jre/lib/amd64/libzip.so
7f1fc88fa000-7f1fc8905000 r-xp 00000000 08:01 6946835                    /lib/x86_64-linux-gnu/libnss_files-2.19.so
7f1fc8905000-7f1fc8b04000 ---p 0000b000 08:01 6946835                    /lib/x86_64-linux-gnu/libnss_files-2.19.so
7f1fc8b04000-7f1fc8b05000 r--p 0000a000 08:01 6946835                    /lib/x86_64-linux-gnu/libnss_files-2.19.so
7f1fc8b05000-7f1fc8b06000 rw-p 0000b000 08:01 6946835                    /lib/x86_64-linux-gnu/libnss_files-2.19.so
7f1fc8b06000-7f1fc8b11000 r-xp 00000000 08:01 6950774                    /lib/x86_64-linux-gnu/libnss_nis-2.19.so
7f1fc8b11000-7f1fc8d10000 ---p 0000b000 08:01 6950774                    /lib/x86_64-linux-gnu/libnss_nis-2.19.so
7f1fc8d10000-7f1fc8d11000 r--p 0000a000 08:01 6950774                    /lib/x86_64-linux-gnu/libnss_nis-2.19.so
7f1fc8d11000-7f1fc8d12000 rw-p 0000b000 08:01 6950774                    /lib/x86_64-linux-gnu/libnss_nis-2.19.so
7f1fc8d12000-7f1fc8d29000 r-xp 00000000 08:01 6946910                    /lib/x86_64-linux-gnu/libnsl-2.19.so
7f1fc8d29000-7f1fc8f28000 ---p 00017000 08:01 6946910                    /lib/x86_64-linux-gnu/libnsl-2.19.so
7f1fc8f28000-7f1fc8f29000 r--p 00016000 08:01 6946910                    /lib/x86_64-linux-gnu/libnsl-2.19.so
7f1fc8f29000-7f1fc8f2a000 rw-p 00017000 08:01 6946910                    /lib/x86_64-linux-gnu/libnsl-2.19.so
7f1fc8f2a000-7f1fc8f2c000 rw-p 00000000 00:00 0 
7f1fc8f2c000-7f1fc8f35000 r-xp 00000000 08:01 6946909                    /lib/x86_64-linux-gnu/libnss_compat-2.19.so
7f1fc8f35000-7f1fc9134000 ---p 00009000 08:01 6946909                    /lib/x86_64-linux-gnu/libnss_compat-2.19.so
7f1fc9134000-7f1fc9135000 r--p 00008000 08:01 6946909                    /lib/x86_64-linux-gnu/libnss_compat-2.19.so
7f1fc9135000-7f1fc9136000 rw-p 00009000 08:01 6946909                    /lib/x86_64-linux-gnu/libnss_compat-2.19.so
7f1fc9136000-7f1fc9160000 r-xp 00000000 08:01 10635436                   /usr/lib/jvm/java-8-oracle/jre/lib/amd64/libjava.so
7f1fc9160000-7f1fc9360000 ---p 0002a000 08:01 10635436                   /usr/lib/jvm/java-8-oracle/jre/lib/amd64/libjava.so
7f1fc9360000-7f1fc9362000 rw-p 0002a000 08:01 10635436                   /usr/lib/jvm/java-8-oracle/jre/lib/amd64/libjava.so
7f1fc9362000-7f1fc936f000 r-xp 00000000 08:01 10635396                   /usr/lib/jvm/java-8-oracle/jre/lib/amd64/libverify.so
7f1fc936f000-7f1fc956f000 ---p 0000d000 08:01 10635396                   /usr/lib/jvm/java-8-oracle/jre/lib/amd64/libverify.so
7f1fc956f000-7f1fc9571000 rw-p 0000d000 08:01 10635396                   /usr/lib/jvm/java-8-oracle/jre/lib/amd64/libverify.so
7f1fc9571000-7f1fc9578000 r-xp 00000000 08:01 6946918                    /lib/x86_64-linux-gnu/librt-2.19.so
7f1fc9578000-7f1fc9777000 ---p 00007000 08:01 6946918                    /lib/x86_64-linux-gnu/librt-2.19.so
7f1fc9777000-7f1fc9778000 r--p 00006000 08:01 6946918                    /lib/x86_64-linux-gnu/librt-2.19.so
7f1fc9778000-7f1fc9779000 rw-p 00007000 08:01 6946918                    /lib/x86_64-linux-gnu/librt-2.19.so
7f1fc9779000-7f1fc987e000 r-xp 00000000 08:01 6946831                    /lib/x86_64-linux-gnu/libm-2.19.so
7f1fc987e000-7f1fc9a7d000 ---p 00105000 08:01 6946831                    /lib/x86_64-linux-gnu/libm-2.19.so
7f1fc9a7d000-7f1fc9a7e000 r--p 00104000 08:01 6946831                    /lib/x86_64-linux-gnu/libm-2.19.so
7f1fc9a7e000-7f1fc9a7f000 rw-p 00105000 08:01 6946831                    /lib/x86_64-linux-gnu/libm-2.19.so
7f1fc9a7f000-7f1fca73e000 r-xp 00000000 08:01 10635412                   /usr/lib/jvm/java-8-oracle/jre/lib/amd64/server/libjvm.so
7f1fca73e000-7f1fca93d000 ---p 00cbf000 08:01 10635412                   /usr/lib/jvm/java-8-oracle/jre/lib/amd64/server/libjvm.so
7f1fca93d000-7f1fcaa16000 rw-p 00cbe000 08:01 10635412                   /usr/lib/jvm/java-8-oracle/jre/lib/amd64/server/libjvm.so
7f1fcaa16000-7f1fcaa5f000 rw-p 00000000 00:00 0 
7f1fcaa5f000-7f1fcac1a000 r-xp 00000000 08:01 6946915                    /lib/x86_64-linux-gnu/libc-2.19.so
7f1fcac1a000-7f1fcae19000 ---p 001bb000 08:01 6946915                    /lib/x86_64-linux-gnu/libc-2.19.so
7f1fcae19000-7f1fcae1d000 r--p 001ba000 08:01 6946915                    /lib/x86_64-linux-gnu/libc-2.19.so
7f1fcae1d000-7f1fcae1f000 rw-p 001be000 08:01 6946915                    /lib/x86_64-linux-gnu/libc-2.19.so
7f1fcae1f000-7f1fcae24000 rw-p 00000000 00:00 0 
7f1fcae24000-7f1fcae27000 r-xp 00000000 08:01 6946846                    /lib/x86_64-linux-gnu/libdl-2.19.so
7f1fcae27000-7f1fcb026000 ---p 00003000 08:01 6946846                    /lib/x86_64-linux-gnu/libdl-2.19.so
7f1fcb026000-7f1fcb027000 r--p 00002000 08:01 6946846                    /lib/x86_64-linux-gnu/libdl-2.19.so
7f1fcb027000-7f1fcb028000 rw-p 00003000 08:01 6946846                    /lib/x86_64-linux-gnu/libdl-2.19.so
7f1fcb028000-7f1fcb03d000 r-xp 00000000 08:01 10636346                   /usr/lib/jvm/java-8-oracle/lib/amd64/jli/libjli.so
7f1fcb03d000-7f1fcb23d000 ---p 00015000 08:01 10636346                   /usr/lib/jvm/java-8-oracle/lib/amd64/jli/libjli.so
7f1fcb23d000-7f1fcb23e000 rw-p 00015000 08:01 10636346                   /usr/lib/jvm/java-8-oracle/lib/amd64/jli/libjli.so
7f1fcb23e000-7f1fcb257000 r-xp 00000000 08:01 6946916                    /lib/x86_64-linux-gnu/libpthread-2.19.so
7f1fcb257000-7f1fcb456000 ---p 00019000 08:01 6946916                    /lib/x86_64-linux-gnu/libpthread-2.19.so
7f1fcb456000-7f1fcb457000 r--p 00018000 08:01 6946916                    /lib/x86_64-linux-gnu/libpthread-2.19.so
7f1fcb457000-7f1fcb458000 rw-p 00019000 08:01 6946916                    /lib/x86_64-linux-gnu/libpthread-2.19.so
7f1fcb458000-7f1fcb45c000 rw-p 00000000 00:00 0 
7f1fcb45c000-7f1fcb47f000 r-xp 00000000 08:01 6946912                    /lib/x86_64-linux-gnu/ld-2.19.so
7f1fcb55d000-7f1fcb560000 ---p 00000000 00:00 0 
7f1fcb560000-7f1fcb662000 rw-p 00000000 00:00 0                          [stack:27496]
7f1fcb66f000-7f1fcb672000 rw-p 00000000 00:00 0 
7f1fcb672000-7f1fcb67a000 rw-s 00000000 08:01 8525181                    /tmp/hsperfdata_mustafaguven/27483
7f1fcb67a000-7f1fcb67b000 rw-p 00000000 00:00 0 
7f1fcb67b000-7f1fcb67c000 r--p 00000000 00:00 0 
7f1fcb67c000-7f1fcb67e000 rw-p 00000000 00:00 0 
7f1fcb67e000-7f1fcb67f000 r--p 00022000 08:01 6946912                    /lib/x86_64-linux-gnu/ld-2.19.so
7f1fcb67f000-7f1fcb680000 rw-p 00023000 08:01 6946912                    /lib/x86_64-linux-gnu/ld-2.19.so
7f1fcb680000-7f1fcb681000 rw-p 00000000 00:00 0 
7fffd53f3000-7fffd5414000 rw-p 00000000 00:00 0                          [stack]
7fffd555a000-7fffd555c000 r-xp 00000000 00:00 0                          [vdso]
7fffd555c000-7fffd555e000 r--p 00000000 00:00 0                          [vvar]
ffffffffff600000-ffffffffff601000 r-xp 00000000 00:00 0                  [vsyscall]

VM Arguments:
jvm_args: -Djava.awt.headless=true -Xmx1024M -Dfile.encoding=UTF-8 -Duser.country=US -Duser.language=en -Duser.variant 
java_command: com.android.dx.command.Main --dex --force-jumbo --num-threads=4 --multi-dex --output /opt/projects/ParallaxSample/app/build/intermediates/transforms/dex/debug/folders/1000/5/slice_5 /opt/projects/ParallaxSample/app/build/intermediates/transforms/instantRunSlicer/debug/folders/1/5/slice_5
java_class_path (initial): /home/mustafaguven/Android/Sdk/build-tools/23.0.3/lib/dx.jar
Launcher Type: SUN_STANDARD

Environment Variables:
JAVA_HOME=/usr/lib/jvm/java-8-oracle
PATH=/usr/local/sbin:/usr/local/bin:/usr/sbin:/usr/bin:/sbin:/bin:/usr/games:/usr/local/games
LD_LIBRARY_PATH=/opt/android-studio/bin:
SHELL=/bin/bash
DISPLAY=:0.0

Signal Handlers:
SIGSEGV: [libjvm.so+0xabb070], sa_mask[0]=11111111011111111101111111111110, sa_flags=SA_RESTART|SA_SIGINFO
SIGBUS: [libjvm.so+0xabb070], sa_mask[0]=11111111011111111101111111111110, sa_flags=SA_RESTART|SA_SIGINFO
SIGFPE: [libjvm.so+0x918480], sa_mask[0]=11111111011111111101111111111110, sa_flags=SA_RESTART|SA_SIGINFO
SIGPIPE: [libjvm.so+0x918480], sa_mask[0]=11111111011111111101111111111110, sa_flags=SA_RESTART|SA_SIGINFO
SIGXFSZ: [libjvm.so+0x918480], sa_mask[0]=11111111011111111101111111111110, sa_flags=SA_RESTART|SA_SIGINFO
SIGILL: [libjvm.so+0x918480], sa_mask[0]=11111111011111111101111111111110, sa_flags=SA_RESTART|SA_SIGINFO
SIGUSR1: SIG_DFL, sa_mask[0]=00000000000000000000000000000000, sa_flags=none
SIGUSR2: [libjvm.so+0x919ab0], sa_mask[0]=00100000000000000000000000000000, sa_flags=SA_RESTART|SA_SIGINFO
SIGHUP: SIG_DFL, sa_mask[0]=00000000000000000000000000000000, sa_flags=none
SIGINT: SIG_DFL, sa_mask[0]=00000000000000000000000000000000, sa_flags=none
SIGTERM: SIG_DFL, sa_mask[0]=00000000000000000000000000000000, sa_flags=none
SIGQUIT: SIG_DFL, sa_mask[0]=00000000000000000000000000000000, sa_flags=none


---------------  S Y S T E M  ---------------

OS:DISTRIB_ID=Ubuntu
DISTRIB_RELEASE=14.04
DISTRIB_CODENAME=trusty
DISTRIB_DESCRIPTION="Ubuntu 14.04.3 LTS"

uname:Linux 3.16.0-60-generic #80~14.04.1-Ubuntu SMP Wed Jan 20 13:37:48 UTC 2016 x86_64
libc:glibc 2.19 NPTL 2.19 
rlimit: STACK 8192k, CORE 0k, NPROC 31357, NOFILE 4096, AS infinity
load average:3.71 1.51 1.53

/proc/meminfo:
MemTotal:        8048848 kB
MemFree:          146360 kB
MemAvailable:     118208 kB
Buffers:             832 kB
Cached:          2634916 kB
SwapCached:          604 kB
Active:          6636660 kB
Inactive:         929392 kB
Active(anon):    6609960 kB
Inactive(anon):   906184 kB
Active(file):      26700 kB
Inactive(file):    23208 kB
Unevictable:         132 kB
Mlocked:             132 kB
SwapTotal:       8259580 kB
SwapFree:              4 kB
Dirty:               168 kB
Writeback:           188 kB
AnonPages:       4928344 kB
Mapped:           108060 kB
Shmem:           2586724 kB
Slab:             116532 kB
SReclaimable:      62716 kB
SUnreclaim:        53816 kB
KernelStack:       17328 kB
PageTables:        78784 kB
NFS_Unstable:          0 kB
Bounce:                0 kB
WritebackTmp:          0 kB
CommitLimit:    12284004 kB
Committed_AS:   24581768 kB
VmallocTotal:   34359738367 kB
VmallocUsed:      575952 kB
VmallocChunk:   34359125756 kB
HardwareCorrupted:     0 kB
AnonHugePages:   2123776 kB
HugePages_Total:       0
HugePages_Free:        0
HugePages_Rsvd:        0
HugePages_Surp:        0
Hugepagesize:       2048 kB
DirectMap4k:       83708 kB
DirectMap2M:     8177664 kB


CPU:total 8 (4 cores per cpu, 2 threads per core) family 6 model 58 stepping 9, cmov, cx8, fxsr, mmx, sse, sse2, sse3, ssse3, sse4.1, sse4.2, popcnt, avx, aes, clmul, erms, ht, tsc, tscinvbit, tscinv

/proc/cpuinfo:
processor	: 0
vendor_id	: GenuineIntel
cpu family	: 6
model		: 58
model name	: Intel(R) Core(TM) i7-3612QM CPU @ 2.10GHz
stepping	: 9
microcode	: 0x15
cpu MHz		: 2799.972
cache size	: 6144 KB
physical id	: 0
siblings	: 8
core id		: 0
cpu cores	: 4
apicid		: 0
initial apicid	: 0
fpu		: yes
fpu_exception	: yes
cpuid level	: 13
wp		: yes
flags		: fpu vme de pse tsc msr pae mce cx8 apic sep mtrr pge mca cmov pat pse36 clflush dts acpi mmx fxsr sse sse2 ss ht tm pbe syscall nx rdtscp lm constant_tsc arch_perfmon pebs bts rep_good nopl xtopology nonstop_tsc aperfmperf eagerfpu pni pclmulqdq dtes64 monitor ds_cpl vmx est tm2 ssse3 cx16 xtpr pdcm pcid sse4_1 sse4_2 x2apic popcnt tsc_deadline_timer aes xsave avx f16c rdrand lahf_lm ida arat epb xsaveopt pln pts dtherm tpr_shadow vnmi flexpriority ept vpid fsgsbase smep erms
bogomips	: 4190.16
clflush size	: 64
cache_alignment	: 64
address sizes	: 36 bits physical, 48 bits virtual
power management:

processor	: 1
vendor_id	: GenuineIntel
cpu family	: 6
model		: 58
model name	: Intel(R) Core(TM) i7-3612QM CPU @ 2.10GHz
stepping	: 9
microcode	: 0x15
cpu MHz		: 2799.972
cache size	: 6144 KB
physical id	: 0
siblings	: 8
core id		: 0
cpu cores	: 4
apicid		: 1
initial apicid	: 1
fpu		: yes
fpu_exception	: yes
cpuid level	: 13
wp		: yes
flags		: fpu vme de pse tsc msr pae mce cx8 apic sep mtrr pge mca cmov pat pse36 clflush dts acpi mmx fxsr sse sse2 ss ht tm pbe syscall nx rdtscp lm constant_tsc arch_perfmon pebs bts rep_good nopl xtopology nonstop_tsc aperfmperf eagerfpu pni pclmulqdq dtes64 monitor ds_cpl vmx est tm2 ssse3 cx16 xtpr pdcm pcid sse4_1 sse4_2 x2apic popcnt tsc_deadline_timer aes xsave avx f16c rdrand lahf_lm ida arat epb xsaveopt pln pts dtherm tpr_shadow vnmi flexpriority ept vpid fsgsbase smep erms
bogomips	: 4190.16
clflush size	: 64
cache_alignment	: 64
address sizes	: 36 bits physical, 48 bits virtual
power management:

processor	: 2
vendor_id	: GenuineIntel
cpu family	: 6
model		: 58
model name	: Intel(R) Core(TM) i7-3612QM CPU @ 2.10GHz
stepping	: 9
microcode	: 0x15
cpu MHz		: 2799.972
cache size	: 6144 KB
physical id	: 0
siblings	: 8
core id		: 1
cpu cores	: 4
apicid		: 2
initial apicid	: 2
fpu		: yes
fpu_exception	: yes
cpuid level	: 13
wp		: yes
flags		: fpu vme de pse tsc msr pae mce cx8 apic sep mtrr pge mca cmov pat pse36 clflush dts acpi mmx fxsr sse sse2 ss ht tm pbe syscall nx rdtscp lm constant_tsc arch_perfmon pebs bts rep_good nopl xtopology nonstop_tsc aperfmperf eagerfpu pni pclmulqdq dtes64 monitor ds_cpl vmx est tm2 ssse3 cx16 xtpr pdcm pcid sse4_1 sse4_2 x2apic popcnt tsc_deadline_timer aes xsave avx f16c rdrand lahf_lm ida arat epb xsaveopt pln pts dtherm tpr_shadow vnmi flexpriority ept vpid fsgsbase smep erms
bogomips	: 4190.16
clflush size	: 64
cache_alignment	: 64
address sizes	: 36 bits physical, 48 bits virtual
power management:

processor	: 3
vendor_id	: GenuineIntel
cpu family	: 6
model		: 58
model name	: Intel(R) Core(TM) i7-3612QM CPU @ 2.10GHz
stepping	: 9
microcode	: 0x15
cpu MHz		: 2799.972
cache size	: 6144 KB
physical id	: 0
siblings	: 8
core id		: 1
cpu cores	: 4
apicid		: 3
initial apicid	: 3
fpu		: yes
fpu_exception	: yes
cpuid level	: 13
wp		: yes
flags		: fpu vme de pse tsc msr pae mce cx8 apic sep mtrr pge mca cmov pat pse36 clflush dts acpi mmx fxsr sse sse2 ss ht tm pbe syscall nx rdtscp lm constant_tsc arch_perfmon pebs bts rep_good nopl xtopology nonstop_tsc aperfmperf eagerfpu pni pclmulqdq dtes64 monitor ds_cpl vmx est tm2 ssse3 cx16 xtpr pdcm pcid sse4_1 sse4_2 x2apic popcnt tsc_deadline_timer aes xsave avx f16c rdrand lahf_lm ida arat epb xsaveopt pln pts dtherm tpr_shadow vnmi flexpriority ept vpid fsgsbase smep erms
bogomips	: 4190.16
clflush size	: 64
cache_alignment	: 64
address sizes	: 36 bits physical, 48 bits virtual
power management:

processor	: 4
vendor_id	: GenuineIntel
cpu family	: 6
model		: 58
model name	: Intel(R) Core(TM) i7-3612QM CPU @ 2.10GHz
stepping	: 9
microcode	: 0x15
cpu MHz		: 2799.972
cache size	: 6144 KB
physical id	: 0
siblings	: 8
core id		: 2
cpu cores	: 4
apicid		: 4
initial apicid	: 4
fpu		: yes
fpu_exception	: yes
cpuid level	: 13
wp		: yes
flags		: fpu vme de pse tsc msr pae mce cx8 apic sep mtrr pge mca cmov pat pse36 clflush dts acpi mmx fxsr sse sse2 ss ht tm pbe syscall nx rdtscp lm constant_tsc arch_perfmon pebs bts rep_good nopl xtopology nonstop_tsc aperfmperf eagerfpu pni pclmulqdq dtes64 monitor ds_cpl vmx est tm2 ssse3 cx16 xtpr pdcm pcid sse4_1 sse4_2 x2apic popcnt tsc_deadline_timer aes xsave avx f16c rdrand lahf_lm ida arat epb xsaveopt pln pts dtherm tpr_shadow vnmi flexpriority ept vpid fsgsbase smep erms
bogomips	: 4190.16
clflush size	: 64
cache_alignment	: 64
address sizes	: 36 bits physical, 48 bits virtual
power management:

processor	: 5
vendor_id	: GenuineIntel
cpu family	: 6
model		: 58
model name	: Intel(R) Core(TM) i7-3612QM CPU @ 2.10GHz
stepping	: 9
microcode	: 0x15
cpu MHz		: 2800.054
cache size	: 6144 KB
physical id	: 0
siblings	: 8
core id		: 2
cpu cores	: 4
apicid		: 5
initial apicid	: 5
fpu		: yes
fpu_exception	: yes
cpuid level	: 13
wp		: yes
flags		: fpu vme de pse tsc msr pae mce cx8 apic sep mtrr pge mca cmov pat pse36 clflush dts acpi mmx fxsr sse sse2 ss ht tm pbe syscall nx rdtscp lm constant_tsc arch_perfmon pebs bts rep_good nopl xtopology nonstop_tsc aperfmperf eagerfpu pni pclmulqdq dtes64 monitor ds_cpl vmx est tm2 ssse3 cx16 xtpr pdcm pcid sse4_1 sse4_2 x2apic popcnt tsc_deadline_timer aes xsave avx f16c rdrand lahf_lm ida arat epb xsaveopt pln pts dtherm tpr_shadow vnmi flexpriority ept vpid fsgsbase smep erms
bogomips	: 4190.16
clflush size	: 64
cache_alignment	: 64
address sizes	: 36 bits physical, 48 bits virtual
power management:

processor	: 6
vendor_id	: GenuineIntel
cpu family	: 6
model		: 58
model name	: Intel(R) Core(TM) i7-3612QM CPU @ 2.10GHz
stepping	: 9
microcode	: 0x15
cpu MHz		: 2800.136
cache size	: 6144 KB
physical id	: 0
siblings	: 8
core id		: 3
cpu cores	: 4
apicid		: 6
initial apicid	: 6
fpu		: yes
fpu_exception	: yes
cpuid level	: 13
wp		: yes
flags		: fpu vme de pse tsc msr pae mce cx8 apic sep mtrr pge mca cmov pat pse36 clflush dts acpi mmx fxsr sse sse2 ss ht tm pbe syscall nx rdtscp lm constant_tsc arch_perfmon pebs bts rep_good nopl xtopology nonstop_tsc aperfmperf eagerfpu pni pclmulqdq dtes64 monitor ds_cpl vmx est tm2 ssse3 cx16 xtpr pdcm pcid sse4_1 sse4_2 x2apic popcnt tsc_deadline_timer aes xsave avx f16c rdrand lahf_lm ida arat epb xsaveopt pln pts dtherm tpr_shadow vnmi flexpriority ept vpid fsgsbase smep erms
bogomips	: 4190.16
clflush size	: 64
cache_alignment	: 64
address sizes	: 36 bits physical, 48 bits virtual
power management:

processor	: 7
vendor_id	: GenuineIntel
cpu family	: 6
model		: 58
model name	: Intel(R) Core(TM) i7-3612QM CPU @ 2.10GHz
stepping	: 9
microcode	: 0x15
cpu MHz		: 2800.054
cache size	: 6144 KB
physical id	: 0
siblings	: 8
core id		: 3
cpu cores	: 4
apicid		: 7
initial apicid	: 7
fpu		: yes
fpu_exception	: yes
cpuid level	: 13
wp		: yes
flags		: fpu vme de pse tsc msr pae mce cx8 apic sep mtrr pge mca cmov pat pse36 clflush dts acpi mmx fxsr sse sse2 ss ht tm pbe syscall nx rdtscp lm constant_tsc arch_perfmon pebs bts rep_good nopl xtopology nonstop_tsc aperfmperf eagerfpu pni pclmulqdq dtes64 monitor ds_cpl vmx est tm2 ssse3 cx16 xtpr pdcm pcid sse4_1 sse4_2 x2apic popcnt tsc_deadline_timer aes xsave avx f16c rdrand lahf_lm ida arat epb xsaveopt pln pts dtherm tpr_shadow vnmi flexpriority ept vpid fsgsbase smep erms
bogomips	: 4190.16
clflush size	: 64
cache_alignment	: 64
address sizes	: 36 bits physical, 48 bits virtual
power management:



Memory: 4k page, physical 8048848k(146360k free), swap 8259580k(8k free)

vm_info: Java HotSpot(TM) 64-Bit Server VM (25.72-b15) for linux-amd64 JRE (1.8.0_72-b15), built on Dec 22 2015 22:00:07 by "java_re" with gcc 4.3.0 20080428 (Red Hat 4.3.0-8)

time: Thu Jun 23 03:18:24 2016
elapsed time: 0 seconds (0d 0h 0m 0s)

