#
# There is insufficient memory for the Java Runtime Environment to continue.
# Native memory allocation (mmap) failed to map 87031808 bytes for committing reserved memory.
# Possible reasons:
#   The system is out of physical RAM or swap space
#   In 32 bit mode, the process size limit was hit
# Possible solutions:
#   Reduce memory load on the system
#   Increase physical memory or swap space
#   Check if swap backing store is full
#   Use 64 bit Java on a 64 bit OS
#   Decrease Java heap size (-Xmx/-Xms)
#   Decrease number of Java threads
#   Decrease Java thread stack sizes (-Xss)
#   Set larger code cache with -XX:ReservedCodeCacheSize=
# This output file may be truncated or incomplete.
#
#  Out of Memory Error (os_linux.cpp:2627), pid=27468, tid=140214337431296
#
# JRE version:  (8.0_72-b15) (build )
# Java VM: Java HotSpot(TM) 64-Bit Server VM (25.72-b15 mixed mode linux-amd64 compressed oops)
# Failed to write core dump. Core dumps have been disabled. To enable core dumping, try "ulimit -c unlimited" before starting Java again
#

---------------  T H R E A D  ---------------

Current thread (0x00007f862800a000):  JavaThread "Unknown thread" [_thread_in_vm, id=27476, stack(0x00007f8631b66000,0x00007f8631c67000)]

Stack: [0x00007f8631b66000,0x00007f8631c67000],  sp=0x00007f8631c65370,  free space=1020k
Native frames: (J=compiled Java code, j=interpreted, Vv=VM code, C=native code)
V  [libjvm.so+0xaba7ea]  VMError::report_and_die()+0x2ba
V  [libjvm.so+0x4f9e3b]  report_vm_out_of_memory(char const*, int, unsigned long, VMErrorType, char const*)+0x8b
V  [libjvm.so+0x91b613]  os::Linux::commit_memory_impl(char*, unsigned long, bool)+0x103
V  [libjvm.so+0x91bb69]  os::pd_commit_memory(char*, unsigned long, unsigned long, bool)+0x29
V  [libjvm.so+0x915e6a]  os::commit_memory(char*, unsigned long, unsigned long, bool)+0x2a
V  [libjvm.so+0x989543]  PSVirtualSpace::expand_by(unsigned long)+0x53
V  [libjvm.so+0x979687]  PSOldGen::initialize(ReservedSpace, unsigned long, char const*, int)+0xb7
V  [libjvm.so+0x2d827a]  AdjoiningGenerations::AdjoiningGenerations(ReservedSpace, GenerationSizer*, unsigned long)+0x39a
V  [libjvm.so+0x93e9c6]  ParallelScavengeHeap::initialize()+0x1d6
V  [libjvm.so+0xa8301b]  Universe::initialize_heap()+0xfb
V  [libjvm.so+0xa8338e]  universe_init()+0x3e
V  [libjvm.so+0x6392c5]  init_globals()+0x65
V  [libjvm.so+0xa6758e]  Threads::create_vm(JavaVMInitArgs*, bool*)+0x23e
V  [libjvm.so+0x6cd7e4]  JNI_CreateJavaVM+0x74
C  [libjli.so+0x745e]  JavaMain+0x9e
C  [libpthread.so.0+0x8182]  start_thread+0xc2


---------------  P R O C E S S  ---------------

Java Threads: ( => current thread )

Other Threads:

=>0x00007f862800a000 (exited) JavaThread "Unknown thread" [_thread_in_vm, id=27476, stack(0x00007f8631b66000,0x00007f8631c67000)]

VM state:not at safepoint (not fully initialized)

VM Mutex/Monitor currently owned by a thread: None

GC Heap History (0 events):
No events

Deoptimization events (0 events):
No events

Internal exceptions (0 events):
No events

Events (0 events):
No events


Dynamic libraries:
00400000-00401000 r-xp 00000000 08:01 10636895                           /usr/lib/jvm/java-8-oracle/bin/java
00600000-00601000 rw-p 00000000 08:01 10636895                           /usr/lib/jvm/java-8-oracle/bin/java
019a2000-019c3000 rw-p 00000000 00:00 0                                  [heap]
c5300000-eab00000 ---p 00000000 00:00 0 
eab00000-ed400000 rw-p 00000000 00:00 0 
ed400000-100000000 ---p 00000000 00:00 0 
7f8619000000-7f8619270000 rwxp 00000000 00:00 0 
7f8619270000-7f8628000000 ---p 00000000 00:00 0 
7f8628000000-7f8628032000 rw-p 00000000 00:00 0 
7f8628032000-7f862c000000 ---p 00000000 00:00 0 
7f862e4a2000-7f862e727000 rw-p 00000000 00:00 0 
7f862e727000-7f862e87c000 ---p 00000000 00:00 0 
7f862e87c000-7f862e891000 rw-p 00000000 00:00 0 
7f862e891000-7f862e927000 ---p 00000000 00:00 0 
7f862e927000-7f862e932000 rw-p 00000000 00:00 0 
7f862e932000-7f862ece8000 ---p 00000000 00:00 0 
7f862ece8000-7f862ed02000 r-xp 00000000 08:01 10635390                   /usr/lib/jvm/java-8-oracle/jre/lib/amd64/libzip.so
7f862ed02000-7f862ef02000 ---p 0001a000 08:01 10635390                   /usr/lib/jvm/java-8-oracle/jre/lib/amd64/libzip.so
7f862ef02000-7f862ef03000 rw-p 0001a000 08:01 10635390                   /usr/lib/jvm/java-8-oracle/jre/lib/amd64/libzip.so
7f862ef03000-7f862ef0e000 r-xp 00000000 08:01 6946835                    /lib/x86_64-linux-gnu/libnss_files-2.19.so
7f862ef0e000-7f862f10d000 ---p 0000b000 08:01 6946835                    /lib/x86_64-linux-gnu/libnss_files-2.19.so
7f862f10d000-7f862f10e000 r--p 0000a000 08:01 6946835                    /lib/x86_64-linux-gnu/libnss_files-2.19.so
7f862f10e000-7f862f10f000 rw-p 0000b000 08:01 6946835                    /lib/x86_64-linux-gnu/libnss_files-2.19.so
7f862f10f000-7f862f11a000 r-xp 00000000 08:01 6950774                    /lib/x86_64-linux-gnu/libnss_nis-2.19.so
7f862f11a000-7f862f319000 ---p 0000b000 08:01 6950774                    /lib/x86_64-linux-gnu/libnss_nis-2.19.so
7f862f319000-7f862f31a000 r--p 0000a000 08:01 6950774                    /lib/x86_64-linux-gnu/libnss_nis-2.19.so
7f862f31a000-7f862f31b000 rw-p 0000b000 08:01 6950774                    /lib/x86_64-linux-gnu/libnss_nis-2.19.so
7f862f31b000-7f862f332000 r-xp 00000000 08:01 6946910                    /lib/x86_64-linux-gnu/libnsl-2.19.so
7f862f332000-7f862f531000 ---p 00017000 08:01 6946910                    /lib/x86_64-linux-gnu/libnsl-2.19.so
7f862f531000-7f862f532000 r--p 00016000 08:01 6946910                    /lib/x86_64-linux-gnu/libnsl-2.19.so
7f862f532000-7f862f533000 rw-p 00017000 08:01 6946910                    /lib/x86_64-linux-gnu/libnsl-2.19.so
7f862f533000-7f862f535000 rw-p 00000000 00:00 0 
7f862f535000-7f862f53e000 r-xp 00000000 08:01 6946909                    /lib/x86_64-linux-gnu/libnss_compat-2.19.so
7f862f53e000-7f862f73d000 ---p 00009000 08:01 6946909                    /lib/x86_64-linux-gnu/libnss_compat-2.19.so
7f862f73d000-7f862f73e000 r--p 00008000 08:01 6946909                    /lib/x86_64-linux-gnu/libnss_compat-2.19.so
7f862f73e000-7f862f73f000 rw-p 00009000 08:01 6946909                    /lib/x86_64-linux-gnu/libnss_compat-2.19.so
7f862f73f000-7f862f769000 r-xp 00000000 08:01 10635436                   /usr/lib/jvm/java-8-oracle/jre/lib/amd64/libjava.so
7f862f769000-7f862f969000 ---p 0002a000 08:01 10635436                   /usr/lib/jvm/java-8-oracle/jre/lib/amd64/libjava.so
7f862f969000-7f862f96b000 rw-p 0002a000 08:01 10635436                   /usr/lib/jvm/java-8-oracle/jre/lib/amd64/libjava.so
7f862f96b000-7f862f978000 r-xp 00000000 08:01 10635396                   /usr/lib/jvm/java-8-oracle/jre/lib/amd64/libverify.so
7f862f978000-7f862fb78000 ---p 0000d000 08:01 10635396                   /usr/lib/jvm/java-8-oracle/jre/lib/amd64/libverify.so
7f862fb78000-7f862fb7a000 rw-p 0000d000 08:01 10635396                   /usr/lib/jvm/java-8-oracle/jre/lib/amd64/libverify.so
7f862fb7a000-7f862fb81000 r-xp 00000000 08:01 6946918                    /lib/x86_64-linux-gnu/librt-2.19.so
7f862fb81000-7f862fd80000 ---p 00007000 08:01 6946918                    /lib/x86_64-linux-gnu/librt-2.19.so
7f862fd80000-7f862fd81000 r--p 00006000 08:01 6946918                    /lib/x86_64-linux-gnu/librt-2.19.so
7f862fd81000-7f862fd82000 rw-p 00007000 08:01 6946918                    /lib/x86_64-linux-gnu/librt-2.19.so
7f862fd82000-7f862fe87000 r-xp 00000000 08:01 6946831                    /lib/x86_64-linux-gnu/libm-2.19.so
7f862fe87000-7f8630086000 ---p 00105000 08:01 6946831                    /lib/x86_64-linux-gnu/libm-2.19.so
7f8630086000-7f8630087000 r--p 00104000 08:01 6946831                    /lib/x86_64-linux-gnu/libm-2.19.so
7f8630087000-7f8630088000 rw-p 00105000 08:01 6946831                    /lib/x86_64-linux-gnu/libm-2.19.so
7f8630088000-7f8630d47000 r-xp 00000000 08:01 10635412                   /usr/lib/jvm/java-8-oracle/jre/lib/amd64/server/libjvm.so
7f8630d47000-7f8630f46000 ---p 00cbf000 08:01 10635412                   /usr/lib/jvm/java-8-oracle/jre/lib/amd64/server/libjvm.so
7f8630f46000-7f863101f000 rw-p 00cbe000 08:01 10635412                   /usr/lib/jvm/java-8-oracle/jre/lib/amd64/server/libjvm.so
7f863101f000-7f8631068000 rw-p 00000000 00:00 0 
7f8631068000-7f8631223000 r-xp 00000000 08:01 6946915                    /lib/x86_64-linux-gnu/libc-2.19.so
7f8631223000-7f8631422000 ---p 001bb000 08:01 6946915                    /lib/x86_64-linux-gnu/libc-2.19.so
7f8631422000-7f8631426000 r--p 001ba000 08:01 6946915                    /lib/x86_64-linux-gnu/libc-2.19.so
7f8631426000-7f8631428000 rw-p 001be000 08:01 6946915                    /lib/x86_64-linux-gnu/libc-2.19.so
7f8631428000-7f863142d000 rw-p 00000000 00:00 0 
7f863142d000-7f8631430000 r-xp 00000000 08:01 6946846                    /lib/x86_64-linux-gnu/libdl-2.19.so
7f8631430000-7f863162f000 ---p 00003000 08:01 6946846                    /lib/x86_64-linux-gnu/libdl-2.19.so
7f863162f000-7f8631630000 r--p 00002000 08:01 6946846                    /lib/x86_64-linux-gnu/libdl-2.19.so
7f8631630000-7f8631631000 rw-p 00003000 08:01 6946846                    /lib/x86_64-linux-gnu/libdl-2.19.so
7f8631631000-7f8631646000 r-xp 00000000 08:01 10636346                   /usr/lib/jvm/java-8-oracle/lib/amd64/jli/libjli.so
7f8631646000-7f8631846000 ---p 00015000 08:01 10636346                   /usr/lib/jvm/java-8-oracle/lib/amd64/jli/libjli.so
7f8631846000-7f8631847000 rw-p 00015000 08:01 10636346                   /usr/lib/jvm/java-8-oracle/lib/amd64/jli/libjli.so
7f8631847000-7f8631860000 r-xp 00000000 08:01 6946916                    /lib/x86_64-linux-gnu/libpthread-2.19.so
7f8631860000-7f8631a5f000 ---p 00019000 08:01 6946916                    /lib/x86_64-linux-gnu/libpthread-2.19.so
7f8631a5f000-7f8631a60000 r--p 00018000 08:01 6946916                    /lib/x86_64-linux-gnu/libpthread-2.19.so
7f8631a60000-7f8631a61000 rw-p 00019000 08:01 6946916                    /lib/x86_64-linux-gnu/libpthread-2.19.so
7f8631a61000-7f8631a65000 rw-p 00000000 00:00 0 
7f8631a65000-7f8631a88000 r-xp 00000000 08:01 6946912                    /lib/x86_64-linux-gnu/ld-2.19.so
7f8631b66000-7f8631b69000 ---p 00000000 00:00 0 
7f8631b69000-7f8631c6b000 rw-p 00000000 00:00 0                          [stack:27476]
7f8631c78000-7f8631c7b000 rw-p 00000000 00:00 0 
7f8631c7b000-7f8631c83000 rw-s 00000000 08:01 8525182                    /tmp/hsperfdata_mustafaguven/27468
7f8631c83000-7f8631c84000 rw-p 00000000 00:00 0 
7f8631c84000-7f8631c85000 r--p 00000000 00:00 0 
7f8631c85000-7f8631c87000 rw-p 00000000 00:00 0 
7f8631c87000-7f8631c88000 r--p 00022000 08:01 6946912                    /lib/x86_64-linux-gnu/ld-2.19.so
7f8631c88000-7f8631c89000 rw-p 00023000 08:01 6946912                    /lib/x86_64-linux-gnu/ld-2.19.so
7f8631c89000-7f8631c8a000 rw-p 00000000 00:00 0 
7ffcecf01000-7ffcecf22000 rw-p 00000000 00:00 0                          [stack]
7ffcecfc1000-7ffcecfc3000 r-xp 00000000 00:00 0                          [vdso]
7ffcecfc3000-7ffcecfc5000 r--p 00000000 00:00 0                          [vvar]
ffffffffff600000-ffffffffff601000 r-xp 00000000 00:00 0                  [vsyscall]

VM Arguments:
jvm_args: -Djava.awt.headless=true -Xmx1024M -Dfile.encoding=UTF-8 -Duser.country=US -Duser.language=en -Duser.variant 
java_command: com.android.dx.command.Main --dex --force-jumbo --num-threads=4 --multi-dex --output /opt/projects/ParallaxSample/app/build/intermediates/transforms/dex/debug/folders/1000/5/slice_0 /opt/projects/ParallaxSample/app/build/intermediates/transforms/instantRunSlicer/debug/folders/1/5/slice_0
java_class_path (initial): /home/mustafaguven/Android/Sdk/build-tools/23.0.3/lib/dx.jar
Launcher Type: SUN_STANDARD

Environment Variables:
JAVA_HOME=/usr/lib/jvm/java-8-oracle
PATH=/usr/local/sbin:/usr/local/bin:/usr/sbin:/usr/bin:/sbin:/bin:/usr/games:/usr/local/games
LD_LIBRARY_PATH=/opt/android-studio/bin:
SHELL=/bin/bash
DISPLAY=:0.0

Signal Handlers:
SIGSEGV: [libjvm.so+0xabb070], sa_mask[0]=11111111011111111101111111111110, sa_flags=SA_RESTART|SA_SIGINFO
SIGBUS: [libjvm.so+0xabb070], sa_mask[0]=11111111011111111101111111111110, sa_flags=SA_RESTART|SA_SIGINFO
SIGFPE: [libjvm.so+0x918480], sa_mask[0]=11111111011111111101111111111110, sa_flags=SA_RESTART|SA_SIGINFO
SIGPIPE: [libjvm.so+0x918480], sa_mask[0]=11111111011111111101111111111110, sa_flags=SA_RESTART|SA_SIGINFO
SIGXFSZ: [libjvm.so+0x918480], sa_mask[0]=11111111011111111101111111111110, sa_flags=SA_RESTART|SA_SIGINFO
SIGILL: [libjvm.so+0x918480], sa_mask[0]=11111111011111111101111111111110, sa_flags=SA_RESTART|SA_SIGINFO
SIGUSR1: SIG_DFL, sa_mask[0]=00000000000000000000000000000000, sa_flags=none
SIGUSR2: [libjvm.so+0x919ab0], sa_mask[0]=00100000000000000000000000000000, sa_flags=SA_RESTART|SA_SIGINFO
SIGHUP: SIG_DFL, sa_mask[0]=00000000000000000000000000000000, sa_flags=none
SIGINT: SIG_DFL, sa_mask[0]=00000000000000000000000000000000, sa_flags=none
SIGTERM: SIG_DFL, sa_mask[0]=00000000000000000000000000000000, sa_flags=none
SIGQUIT: SIG_DFL, sa_mask[0]=00000000000000000000000000000000, sa_flags=none


---------------  S Y S T E M  ---------------

OS:DISTRIB_ID=Ubuntu
DISTRIB_RELEASE=14.04
DISTRIB_CODENAME=trusty
DISTRIB_DESCRIPTION="Ubuntu 14.04.3 LTS"

uname:Linux 3.16.0-60-generic #80~14.04.1-Ubuntu SMP Wed Jan 20 13:37:48 UTC 2016 x86_64
libc:glibc 2.19 NPTL 2.19 
rlimit: STACK 8192k, CORE 0k, NPROC 31357, NOFILE 4096, AS infinity
load average:3.71 1.51 1.53

/proc/meminfo:
MemTotal:        8048848 kB
MemFree:          118136 kB
MemAvailable:      75148 kB
Buffers:             796 kB
Cached:          2611660 kB
SwapCached:         1452 kB
Active:          6716000 kB
Inactive:         872056 kB
Active(anon):    6704972 kB
Inactive(anon):   862864 kB
Active(file):      11028 kB
Inactive(file):     9192 kB
Unevictable:         132 kB
Mlocked:             132 kB
SwapTotal:       8259580 kB
SwapFree:              0 kB
Dirty:                80 kB
Writeback:             0 kB
AnonPages:       4981656 kB
Mapped:            87204 kB
Shmem:           2586576 kB
Slab:             116624 kB
SReclaimable:      62732 kB
SUnreclaim:        53892 kB
KernelStack:       18288 kB
PageTables:        79420 kB
NFS_Unstable:          0 kB
Bounce:                0 kB
WritebackTmp:          0 kB
CommitLimit:    12284004 kB
Committed_AS:   24984876 kB
VmallocTotal:   34359738367 kB
VmallocUsed:      575952 kB
VmallocChunk:   34359125756 kB
HardwareCorrupted:     0 kB
AnonHugePages:   2125824 kB
HugePages_Total:       0
HugePages_Free:        0
HugePages_Rsvd:        0
HugePages_Surp:        0
Hugepagesize:       2048 kB
DirectMap4k:       83708 kB
DirectMap2M:     8177664 kB


CPU:total 8 (4 cores per cpu, 2 threads per core) family 6 model 58 stepping 9, cmov, cx8, fxsr, mmx, sse, sse2, sse3, ssse3, sse4.1, sse4.2, popcnt, avx, aes, clmul, erms, ht, tsc, tscinvbit, tscinv

/proc/cpuinfo:
processor	: 0
vendor_id	: GenuineIntel
cpu family	: 6
model		: 58
model name	: Intel(R) Core(TM) i7-3612QM CPU @ 2.10GHz
stepping	: 9
microcode	: 0x15
cpu MHz		: 2800.054
cache size	: 6144 KB
physical id	: 0
siblings	: 8
core id		: 0
cpu cores	: 4
apicid		: 0
initial apicid	: 0
fpu		: yes
fpu_exception	: yes
cpuid level	: 13
wp		: yes
flags		: fpu vme de pse tsc msr pae mce cx8 apic sep mtrr pge mca cmov pat pse36 clflush dts acpi mmx fxsr sse sse2 ss ht tm pbe syscall nx rdtscp lm constant_tsc arch_perfmon pebs bts rep_good nopl xtopology nonstop_tsc aperfmperf eagerfpu pni pclmulqdq dtes64 monitor ds_cpl vmx est tm2 ssse3 cx16 xtpr pdcm pcid sse4_1 sse4_2 x2apic popcnt tsc_deadline_timer aes xsave avx f16c rdrand lahf_lm ida arat epb xsaveopt pln pts dtherm tpr_shadow vnmi flexpriority ept vpid fsgsbase smep erms
bogomips	: 4190.16
clflush size	: 64
cache_alignment	: 64
address sizes	: 36 bits physical, 48 bits virtual
power management:

processor	: 1
vendor_id	: GenuineIntel
cpu family	: 6
model		: 58
model name	: Intel(R) Core(TM) i7-3612QM CPU @ 2.10GHz
stepping	: 9
microcode	: 0x15
cpu MHz		: 2799.972
cache size	: 6144 KB
physical id	: 0
siblings	: 8
core id		: 0
cpu cores	: 4
apicid		: 1
initial apicid	: 1
fpu		: yes
fpu_exception	: yes
cpuid level	: 13
wp		: yes
flags		: fpu vme de pse tsc msr pae mce cx8 apic sep mtrr pge mca cmov pat pse36 clflush dts acpi mmx fxsr sse sse2 ss ht tm pbe syscall nx rdtscp lm constant_tsc arch_perfmon pebs bts rep_good nopl xtopology nonstop_tsc aperfmperf eagerfpu pni pclmulqdq dtes64 monitor ds_cpl vmx est tm2 ssse3 cx16 xtpr pdcm pcid sse4_1 sse4_2 x2apic popcnt tsc_deadline_timer aes xsave avx f16c rdrand lahf_lm ida arat epb xsaveopt pln pts dtherm tpr_shadow vnmi flexpriority ept vpid fsgsbase smep erms
bogomips	: 4190.16
clflush size	: 64
cache_alignment	: 64
address sizes	: 36 bits physical, 48 bits virtual
power management:

processor	: 2
vendor_id	: GenuineIntel
cpu family	: 6
model		: 58
model name	: Intel(R) Core(TM) i7-3612QM CPU @ 2.10GHz
stepping	: 9
microcode	: 0x15
cpu MHz		: 2800.054
cache size	: 6144 KB
physical id	: 0
siblings	: 8
core id		: 1
cpu cores	: 4
apicid		: 2
initial apicid	: 2
fpu		: yes
fpu_exception	: yes
cpuid level	: 13
wp		: yes
flags		: fpu vme de pse tsc msr pae mce cx8 apic sep mtrr pge mca cmov pat pse36 clflush dts acpi mmx fxsr sse sse2 ss ht tm pbe syscall nx rdtscp lm constant_tsc arch_perfmon pebs bts rep_good nopl xtopology nonstop_tsc aperfmperf eagerfpu pni pclmulqdq dtes64 monitor ds_cpl vmx est tm2 ssse3 cx16 xtpr pdcm pcid sse4_1 sse4_2 x2apic popcnt tsc_deadline_timer aes xsave avx f16c rdrand lahf_lm ida arat epb xsaveopt pln pts dtherm tpr_shadow vnmi flexpriority ept vpid fsgsbase smep erms
bogomips	: 4190.16
clflush size	: 64
cache_alignment	: 64
address sizes	: 36 bits physical, 48 bits virtual
power management:

processor	: 3
vendor_id	: GenuineIntel
cpu family	: 6
model		: 58
model name	: Intel(R) Core(TM) i7-3612QM CPU @ 2.10GHz
stepping	: 9
microcode	: 0x15
cpu MHz		: 2799.972
cache size	: 6144 KB
physical id	: 0
siblings	: 8
core id		: 1
cpu cores	: 4
apicid		: 3
initial apicid	: 3
fpu		: yes
fpu_exception	: yes
cpuid level	: 13
wp		: yes
flags		: fpu vme de pse tsc msr pae mce cx8 apic sep mtrr pge mca cmov pat pse36 clflush dts acpi mmx fxsr sse sse2 ss ht tm pbe syscall nx rdtscp lm constant_tsc arch_perfmon pebs bts rep_good nopl xtopology nonstop_tsc aperfmperf eagerfpu pni pclmulqdq dtes64 monitor ds_cpl vmx est tm2 ssse3 cx16 xtpr pdcm pcid sse4_1 sse4_2 x2apic popcnt tsc_deadline_timer aes xsave avx f16c rdrand lahf_lm ida arat epb xsaveopt pln pts dtherm tpr_shadow vnmi flexpriority ept vpid fsgsbase smep erms
bogomips	: 4190.16
clflush size	: 64
cache_alignment	: 64
address sizes	: 36 bits physical, 48 bits virtual
power management:

processor	: 4
vendor_id	: GenuineIntel
cpu family	: 6
model		: 58
model name	: Intel(R) Core(TM) i7-3612QM CPU @ 2.10GHz
stepping	: 9
microcode	: 0x15
cpu MHz		: 2799.972
cache size	: 6144 KB
physical id	: 0
siblings	: 8
core id		: 2
cpu cores	: 4
apicid		: 4
initial apicid	: 4
fpu		: yes
fpu_exception	: yes
cpuid level	: 13
wp		: yes
flags		: fpu vme de pse tsc msr pae mce cx8 apic sep mtrr pge mca cmov pat pse36 clflush dts acpi mmx fxsr sse sse2 ss ht tm pbe syscall nx rdtscp lm constant_tsc arch_perfmon pebs bts rep_good nopl xtopology nonstop_tsc aperfmperf eagerfpu pni pclmulqdq dtes64 monitor ds_cpl vmx est tm2 ssse3 cx16 xtpr pdcm pcid sse4_1 sse4_2 x2apic popcnt tsc_deadline_timer aes xsave avx f16c rdrand lahf_lm ida arat epb xsaveopt pln pts dtherm tpr_shadow vnmi flexpriority ept vpid fsgsbase smep erms
bogomips	: 4190.16
clflush size	: 64
cache_alignment	: 64
address sizes	: 36 bits physical, 48 bits virtual
power management:

processor	: 5
vendor_id	: GenuineIntel
cpu family	: 6
model		: 58
model name	: Intel(R) Core(TM) i7-3612QM CPU @ 2.10GHz
stepping	: 9
microcode	: 0x15
cpu MHz		: 2799.972
cache size	: 6144 KB
physical id	: 0
siblings	: 8
core id		: 2
cpu cores	: 4
apicid		: 5
initial apicid	: 5
fpu		: yes
fpu_exception	: yes
cpuid level	: 13
wp		: yes
flags		: fpu vme de pse tsc msr pae mce cx8 apic sep mtrr pge mca cmov pat pse36 clflush dts acpi mmx fxsr sse sse2 ss ht tm pbe syscall nx rdtscp lm constant_tsc arch_perfmon pebs bts rep_good nopl xtopology nonstop_tsc aperfmperf eagerfpu pni pclmulqdq dtes64 monitor ds_cpl vmx est tm2 ssse3 cx16 xtpr pdcm pcid sse4_1 sse4_2 x2apic popcnt tsc_deadline_timer aes xsave avx f16c rdrand lahf_lm ida arat epb xsaveopt pln pts dtherm tpr_shadow vnmi flexpriority ept vpid fsgsbase smep erms
bogomips	: 4190.16
clflush size	: 64
cache_alignment	: 64
address sizes	: 36 bits physical, 48 bits virtual
power management:

processor	: 6
vendor_id	: GenuineIntel
cpu family	: 6
model		: 58
model name	: Intel(R) Core(TM) i7-3612QM CPU @ 2.10GHz
stepping	: 9
microcode	: 0x15
cpu MHz		: 2800.054
cache size	: 6144 KB
physical id	: 0
siblings	: 8
core id		: 3
cpu cores	: 4
apicid		: 6
initial apicid	: 6
fpu		: yes
fpu_exception	: yes
cpuid level	: 13
wp		: yes
flags		: fpu vme de pse tsc msr pae mce cx8 apic sep mtrr pge mca cmov pat pse36 clflush dts acpi mmx fxsr sse sse2 ss ht tm pbe syscall nx rdtscp lm constant_tsc arch_perfmon pebs bts rep_good nopl xtopology nonstop_tsc aperfmperf eagerfpu pni pclmulqdq dtes64 monitor ds_cpl vmx est tm2 ssse3 cx16 xtpr pdcm pcid sse4_1 sse4_2 x2apic popcnt tsc_deadline_timer aes xsave avx f16c rdrand lahf_lm ida arat epb xsaveopt pln pts dtherm tpr_shadow vnmi flexpriority ept vpid fsgsbase smep erms
bogomips	: 4190.16
clflush size	: 64
cache_alignment	: 64
address sizes	: 36 bits physical, 48 bits virtual
power management:

processor	: 7
vendor_id	: GenuineIntel
cpu family	: 6
model		: 58
model name	: Intel(R) Core(TM) i7-3612QM CPU @ 2.10GHz
stepping	: 9
microcode	: 0x15
cpu MHz		: 2799.972
cache size	: 6144 KB
physical id	: 0
siblings	: 8
core id		: 3
cpu cores	: 4
apicid		: 7
initial apicid	: 7
fpu		: yes
fpu_exception	: yes
cpuid level	: 13
wp		: yes
flags		: fpu vme de pse tsc msr pae mce cx8 apic sep mtrr pge mca cmov pat pse36 clflush dts acpi mmx fxsr sse sse2 ss ht tm pbe syscall nx rdtscp lm constant_tsc arch_perfmon pebs bts rep_good nopl xtopology nonstop_tsc aperfmperf eagerfpu pni pclmulqdq dtes64 monitor ds_cpl vmx est tm2 ssse3 cx16 xtpr pdcm pcid sse4_1 sse4_2 x2apic popcnt tsc_deadline_timer aes xsave avx f16c rdrand lahf_lm ida arat epb xsaveopt pln pts dtherm tpr_shadow vnmi flexpriority ept vpid fsgsbase smep erms
bogomips	: 4190.16
clflush size	: 64
cache_alignment	: 64
address sizes	: 36 bits physical, 48 bits virtual
power management:



Memory: 4k page, physical 8048848k(118704k free), swap 8259580k(0k free)

vm_info: Java HotSpot(TM) 64-Bit Server VM (25.72-b15) for linux-amd64 JRE (1.8.0_72-b15), built on Dec 22 2015 22:00:07 by "java_re" with gcc 4.3.0 20080428 (Red Hat 4.3.0-8)

time: Thu Jun 23 03:18:24 2016
elapsed time: 0 seconds (0d 0h 0m 0s)

